

Processing PagesController#home (for 127.0.0.1 at 2010-10-09 22:16:37) [GET]
Rendering template within layouts/application
Rendering pages/home
Rendered shared/_quickSection (1.3ms)
Rendered shared/_category (8.0ms)
Rendered pages/_main_content (2.1ms)
Rendered shared/_header (0.0ms)
Rendered shared/_footer (0.0ms)
Completed in 17ms (View: 14 | 200 OK [http://localhost/]


Processing UsersController#edit (for 127.0.0.1 at 2010-10-09 22:16:38) [GET]
  Parameters: {"id"=>"22"}
Rendering template within layouts/ajax-load-page
Rendering users/user
Rendered users/_user_edit (0.1ms)
Completed in 4ms (View: 1 | 200 OK [http://localhost/users/22/edit]


Processing UsersController#update (for 127.0.0.1 at 2010-10-09 22:16:51) [POST]
  Parameters: {"id"=>"22", "current_password"=>"5972", "new_password"=>"hs5972", "email"=>"cho1@dd.net"}
Completed in 9ms (View: 1 | 200 OK [http://localhost/users/update]


Processing PagesController#home (for 127.0.0.1 at 2010-10-09 22:18:54) [GET]
Rendering template within layouts/application
Rendering pages/home
Rendered shared/_quickSection (100.9ms)
Rendered shared/_category (7.5ms)
Rendered pages/_main_content (2.1ms)
Rendered shared/_header (0.0ms)
Rendered shared/_footer (0.0ms)
Completed in 115ms (View: 113 | 200 OK [http://localhost/]


Processing UsersController#edit (for 127.0.0.1 at 2010-10-09 22:18:56) [GET]
  Parameters: {"id"=>"22"}
Rendering template within layouts/ajax-load-page
Rendering users/user
Rendered users/_user_edit (0.1ms)
Completed in 7ms (View: 1 | 200 OK [http://localhost/users/22/edit]


Processing UsersController#update (for 127.0.0.1 at 2010-10-09 22:19:05) [POST]
  Parameters: {"id"=>"22", "current_password"=>"5972", "new_password"=>"hs5972", "email"=>"cho1@dd.net"}
Completed in 16ms (View: 1 | 200 OK [http://localhost/users/update]


Processing UsersController#edit (for 127.0.0.1 at 2010-10-09 22:19:28) [GET]
  Parameters: {"id"=>"22"}
Rendering template within layouts/ajax-load-page
Rendering users/user
Rendered users/_user_edit (0.1ms)
Completed in 4ms (View: 1 | 200 OK [http://localhost/users/22/edit]


Processing SessionsController#destroy (for 127.0.0.1 at 2010-10-09 22:19:33) [GET]
Redirected to http://localhost:3000/
Completed in 0ms | 302 Found [http://localhost/logout]


Processing PagesController#home (for 127.0.0.1 at 2010-10-09 22:19:33) [GET]
Rendering template within layouts/application
Rendering pages/home
Rendered shared/_quickSection (3.1ms)
Rendered shared/_category (8.1ms)
Rendered pages/_main_content (2.1ms)
Rendered shared/_header (0.0ms)
Rendered shared/_footer (0.0ms)
Completed in 19ms (View: 16 | 200 OK [http://localhost/]


Processing SessionsController#create (for 127.0.0.1 at 2010-10-09 22:19:37) [POST]
  Parameters: {"authenticity_token"=>"Mgymooc2Z/HOwKR9KrIFkJ/tx77YsgQ2yNsacE01I7U=", "session"=>{"uri"=>"", "userid"=>"cholubin", "password"=>"5972"}}
Rendering template within layouts/ajax-load-page
Rendering sessions/errormsg
Completed in 14ms (View: 10 | 200 OK [http://localhost/sessions]


Processing SessionsController#create (for 127.0.0.1 at 2010-10-09 22:19:40) [POST]
  Parameters: {"authenticity_token"=>"Mgymooc2Z/HOwKR9KrIFkJ/tx77YsgQ2yNsacE01I7U=", "session"=>{"uri"=>"", "userid"=>"cholubin", "password"=>"hs5972"}}
Redirected to http://localhost:3000/
Completed in 44ms | 302 Found [http://localhost/sessions]


Processing PagesController#home (for 127.0.0.1 at 2010-10-09 22:19:40) [GET]
Rendering template within layouts/application
Rendering pages/home
Rendered shared/_quickSection (1.2ms)
Rendered shared/_category (7.6ms)
Rendered pages/_main_content (2.0ms)
Rendered shared/_header (0.0ms)
Rendered shared/_footer (0.0ms)
Completed in 16ms (View: 13 | 200 OK [http://localhost/]


Processing PagesController#home (for 127.0.0.1 at 2010-10-09 22:19:59) [GET]
Rendering template within layouts/application
Rendering pages/home
Rendered shared/_quickSection (1.2ms)
Rendered shared/_category (7.6ms)
Rendered pages/_main_content (2.1ms)
Rendered shared/_header (0.0ms)
Rendered shared/_footer (0.0ms)
Completed in 16ms (View: 13 | 200 OK [http://localhost/]


Processing UsersController#edit (for 127.0.0.1 at 2010-10-09 22:20:04) [GET]
  Parameters: {"id"=>"22"}
Rendering template within layouts/ajax-load-page
Rendering users/user
Rendered users/_user_edit (0.1ms)
Completed in 8ms (View: 2 | 200 OK [http://localhost/users/22/edit]


Processing UsersController#update (for 127.0.0.1 at 2010-10-09 22:20:12) [POST]
  Parameters: {"id"=>"22", "current_password"=>"hs5972", "new_password"=>"5972", "email"=>"cho1@dd.net"}
Completed in 45ms (View: 1 | 200 OK [http://localhost/users/update]


Processing UsersController#edit (for 127.0.0.1 at 2010-10-09 22:20:15) [GET]
  Parameters: {"id"=>"22"}
Rendering template within layouts/ajax-load-page
Rendering users/user
Rendered users/_user_edit (0.1ms)
Completed in 4ms (View: 2 | 200 OK [http://localhost/users/22/edit]


Processing UsersController#update (for 127.0.0.1 at 2010-10-09 22:20:34) [POST]
  Parameters: {"id"=>"22", "current_password"=>"5972", "new_password"=>"", "email"=>"cholubin@gmail.com"}
Completed in 230ms (View: 1 | 200 OK [http://localhost/users/update]


Processing UsersController#edit (for 127.0.0.1 at 2010-10-09 22:20:37) [GET]
  Parameters: {"id"=>"22"}
Rendering template within layouts/ajax-load-page
Rendering users/user
Rendered users/_user_edit (0.1ms)
Completed in 4ms (View: 1 | 200 OK [http://localhost/users/22/edit]


Processing MytemplatesController#index (for 127.0.0.1 at 2010-10-09 22:20:41) [GET]
Rendering template within layouts/application
Rendering mytemplates/mytemplate
Rendered shared/_logo (0.5ms)
Rendered shared/_login (5.3ms)
Rendered shared/_menu (1.4ms)
Rendered mytemplates/_leftsidebar (0.8ms)
Rendered mytemplates/_mytemplate_index (73.9ms)
Rendered shared/_footer (0.1ms)
Rendered shared/_header (0.0ms)
Rendered shared/_footer (0.0ms)
Completed in 277ms (View: 127 | 200 OK [http://localhost/mytemplates]


Processing MyordersController#index (for 127.0.0.1 at 2010-10-09 22:20:48) [GET]
Rendering template within layouts/application
Rendering myorders/myorder
Rendered shared/_logo (0.1ms)
Rendered shared/_login (3.3ms)
Rendered shared/_menu (0.1ms)
Rendered users/_modify_leftsidebar (1.0ms)
Rendered myorders/_myorder_index (1.6ms)
Rendered shared/_footer (0.0ms)
Rendered shared/_header (0.0ms)
Rendered shared/_footer (0.0ms)
Completed in 197ms (View: 31 | 200 OK [http://localhost/myorders]


Processing MytemplatesController#index (for 127.0.0.1 at 2010-10-09 22:20:51) [GET]
Rendering template within layouts/application
Rendering mytemplates/mytemplate
Rendered shared/_logo (0.1ms)
Rendered shared/_login (3.3ms)
Rendered shared/_menu (0.1ms)
Rendered mytemplates/_leftsidebar (0.1ms)
Rendered mytemplates/_mytemplate_index (16.7ms)
Rendered shared/_footer (0.1ms)
Rendered shared/_header (0.0ms)
Rendered shared/_footer (0.0ms)
Completed in 27ms (View: 23 | 200 OK [http://localhost/mytemplates]


Processing MytemplatesController#destroy (for 127.0.0.1 at 2010-10-09 22:20:57) [POST]
  Parameters: {"id"=>"112"}
Redirected to http://localhost:3000/mytemplates
Completed in 139ms | 302 Found [http://localhost/mytemplates/destroy]


Processing MytemplatesController#index (for 127.0.0.1 at 2010-10-09 22:20:57) [GET]
Rendering template within layouts/application
Rendering mytemplates/mytemplate
Rendered shared/_logo (0.1ms)
Rendered shared/_login (4.1ms)
Rendered shared/_menu (0.1ms)
Rendered mytemplates/_leftsidebar (0.1ms)
Rendered mytemplates/_mytemplate_index (14.9ms)
Rendered shared/_footer (0.1ms)
Rendered shared/_header (0.1ms)
Rendered shared/_footer (0.0ms)
Completed in 29ms (View: 23 | 200 OK [http://localhost/mytemplates]


Processing MytemplatesController#index (for 127.0.0.1 at 2010-10-09 22:21:40) [GET]
Rendering template within layouts/application
Rendering mytemplates/mytemplate
Rendered shared/_logo (0.1ms)
Rendered shared/_login (3.8ms)
Rendered shared/_menu (0.1ms)
Rendered mytemplates/_leftsidebar (0.1ms)
Rendered mytemplates/_mytemplate_index (14.5ms)
Rendered shared/_footer (0.1ms)
Rendered shared/_header (0.1ms)
Rendered shared/_footer (0.0ms)
Completed in 27ms (View: 21 | 200 OK [http://localhost/mytemplates]


Processing MytemplatesController#index (for 127.0.0.1 at 2010-10-09 22:21:43) [GET]
Rendering template within layouts/application
Rendering mytemplates/mytemplate
Rendered shared/_logo (0.1ms)
Rendered shared/_login (3.2ms)
Rendered shared/_menu (0.1ms)
Rendered mytemplates/_leftsidebar (0.1ms)
Rendered mytemplates/_mytemplate_index (11.9ms)
Rendered shared/_footer (0.1ms)
Rendered shared/_header (0.0ms)
Rendered shared/_footer (0.0ms)
Completed in 22ms (View: 18 | 200 OK [http://localhost/mytemplates]


Processing MytemplatesController#index (for 127.0.0.1 at 2010-10-09 22:24:11) [GET]
Rendering template within layouts/application
Rendering mytemplates/mytemplate
Rendered shared/_logo (0.1ms)
Rendered shared/_login (3.5ms)
Rendered shared/_menu (0.1ms)
Rendered mytemplates/_leftsidebar (0.1ms)
Rendered mytemplates/_mytemplate_index (18.0ms)
Rendered shared/_footer (0.1ms)
Rendered shared/_header (0.1ms)
Rendered shared/_footer (0.0ms)
Completed in 37ms (View: 32 | 200 OK [http://localhost/mytemplates]


Processing MytemplatesController#index (for 127.0.0.1 at 2010-10-09 22:24:27) [GET]
Rendering template within layouts/application
Rendering mytemplates/mytemplate
Rendered shared/_logo (0.1ms)
Rendered shared/_login (3.1ms)
Rendered shared/_menu (0.1ms)
Rendered mytemplates/_leftsidebar (0.1ms)
Rendered mytemplates/_mytemplate_index (18.1ms)
Rendered shared/_footer (0.1ms)
Rendered shared/_header (0.0ms)
Rendered shared/_footer (0.0ms)
Completed in 36ms (View: 31 | 200 OK [http://localhost/mytemplates]


Processing MytemplatesController#index (for 127.0.0.1 at 2010-10-09 22:25:32) [GET]
Rendering template within layouts/application
Rendering mytemplates/mytemplate
Rendered shared/_logo (0.1ms)
Rendered shared/_login (3.1ms)
Rendered shared/_menu (0.1ms)
Rendered mytemplates/_leftsidebar (0.1ms)
Rendered mytemplates/_mytemplate_index (17.6ms)
Rendered shared/_footer (0.1ms)
Rendered shared/_header (0.0ms)
Rendered shared/_footer (0.0ms)
Completed in 35ms (View: 31 | 200 OK [http://localhost/mytemplates]


Processing ApplicationController#index (for 127.0.0.1 at 2010-10-09 23:06:05) [GET]

NameError (uninitialized constant WelcomeController):
  haml (3.0.4) lib/sass/plugin/rack.rb:41:in `call'
  haml (3.0.4) lib/sass/plugin/rack.rb:41:in `call'
  <internal:prelude>:8:in `synchronize'
  /Users/cholubin/.rvm/rubies/ruby-1.9.1-p378/lib/ruby/1.9.1/webrick/httpserver.rb:111:in `service'
  /Users/cholubin/.rvm/rubies/ruby-1.9.1-p378/lib/ruby/1.9.1/webrick/httpserver.rb:70:in `run'
  /Users/cholubin/.rvm/rubies/ruby-1.9.1-p378/lib/ruby/1.9.1/webrick/server.rb:183:in `block in start_thread'

Rendered rescues/_trace (42.8ms)
Rendered rescues/_request_and_response (1.3ms)
Rendering rescues/layout (internal_server_error)


Processing ApplicationController#index (for 127.0.0.1 at 2010-10-09 23:07:10) [GET]

NameError (uninitialized constant WelcomeController):
  haml (3.0.4) lib/sass/plugin/rack.rb:41:in `call'
  haml (3.0.4) lib/sass/plugin/rack.rb:41:in `call'
  <internal:prelude>:8:in `synchronize'
  /Users/cholubin/.rvm/rubies/ruby-1.9.1-p378/lib/ruby/1.9.1/webrick/httpserver.rb:111:in `service'
  /Users/cholubin/.rvm/rubies/ruby-1.9.1-p378/lib/ruby/1.9.1/webrick/httpserver.rb:70:in `run'
  /Users/cholubin/.rvm/rubies/ruby-1.9.1-p378/lib/ruby/1.9.1/webrick/server.rb:183:in `block in start_thread'

Rendered rescues/_trace (46.1ms)
Rendered rescues/_request_and_response (1.3ms)
Rendering rescues/layout (internal_server_error)


Processing ApplicationController#index (for 127.0.0.1 at 2010-10-10 00:09:16) [GET]

NameError (uninitialized constant WelcomeController):
  <internal:prelude>:8:in `synchronize'
  /Users/cholubin/.rvm/rubies/ruby-1.9.1-p378/lib/ruby/1.9.1/webrick/httpserver.rb:111:in `service'
  /Users/cholubin/.rvm/rubies/ruby-1.9.1-p378/lib/ruby/1.9.1/webrick/httpserver.rb:70:in `run'
  /Users/cholubin/.rvm/rubies/ruby-1.9.1-p378/lib/ruby/1.9.1/webrick/server.rb:183:in `block in start_thread'

Rendered rescues/_trace (42.7ms)
Rendered rescues/_request_and_response (1.3ms)
Rendering rescues/layout (internal_server_error)


Processing AdminController#index (for 127.0.0.1 at 2010-10-10 00:13:39) [GET]

ActionController::UnknownAction (No action responded to index. Actions: ):
  <internal:prelude>:8:in `synchronize'
  /Users/cholubin/.rvm/rubies/ruby-1.9.1-p378/lib/ruby/1.9.1/webrick/httpserver.rb:111:in `service'
  /Users/cholubin/.rvm/rubies/ruby-1.9.1-p378/lib/ruby/1.9.1/webrick/httpserver.rb:70:in `run'
  /Users/cholubin/.rvm/rubies/ruby-1.9.1-p378/lib/ruby/1.9.1/webrick/server.rb:183:in `block in start_thread'

Rendering rescues/layout (not_found)


Processing PagesController#home (for 127.0.0.1 at 2010-10-10 00:15:27) [GET]
Rendering template within layouts/application
Rendering pages/home
Rendered shared/_quickSection (136.8ms)

ActionView::TemplateError (undefined method `aggregate' for #<DataMapper::Adapters::Sqlite3Adapter:0x00000100e92db0>) on line #9 of app/views/shared/_category.html.erb:
6: 				<li>
7: 					<a class="title" href="/temps?category_name=<%= category.id %>"<%= "class='on'" if @category_name == category.name%>><%= category.name %></a>
8: <% @subcategories = category.subcategories 
9: if @subcategories.count !=0 %>
10: 					<ul>
11: <% @subcategories.each do |subcategory| %>
12: 	<li><a class="sub-title" href="/temps?category_name=<%= category.id %>&subcategory_name=<%= subcategory.id %>"<%= " class='on'" if @subcategory_name == subcategory.name and @category_name == category.name%>><%= subcategory.name %></a></li>

    /Users/cholubin/.rvm/gems/ruby-1.9.1-p378/gems/dm-aggregates-0.10.2/lib/dm-aggregates/repository.rb:6:in `aggregate'
    /Users/cholubin/.rvm/gems/ruby-1.9.1-p378/gems/dm-aggregates-0.10.2/lib/dm-aggregates/aggregate_functions.rb:168:in `aggregate'
    /Users/cholubin/.rvm/gems/ruby-1.9.1-p378/gems/dm-aggregates-0.10.2/lib/dm-aggregates/aggregate_functions.rb:40:in `count'
    app/views/shared/_category.html.erb:9:in `block in _run_erb_app47views47shared47_category46html46erb_locals_category_object'
    /Users/cholubin/.rvm/gems/ruby-1.9.1-p378/gems/dm-core-0.10.2/lib/dm-core/collection.rb:509:in `block in each'
    extlib (0.9.15) lib/extlib/lazy_array.rb:413:in `block in each'
    extlib (0.9.15) lib/extlib/lazy_array.rb:413:in `each'
    extlib (0.9.15) lib/extlib/lazy_array.rb:413:in `each'
    /Users/cholubin/.rvm/gems/ruby-1.9.1-p378/gems/dm-core-0.10.2/lib/dm-core/collection.rb:506:in `each'
    app/views/shared/_category.html.erb:5
    app/views/pages/home.html.erb:7
    <internal:prelude>:8:in `synchronize'
    /Users/cholubin/.rvm/rubies/ruby-1.9.1-p378/lib/ruby/1.9.1/webrick/httpserver.rb:111:in `service'
    /Users/cholubin/.rvm/rubies/ruby-1.9.1-p378/lib/ruby/1.9.1/webrick/httpserver.rb:70:in `run'
    /Users/cholubin/.rvm/rubies/ruby-1.9.1-p378/lib/ruby/1.9.1/webrick/server.rb:183:in `block in start_thread'

Rendered rescues/_trace (97.4ms)
Rendered rescues/_request_and_response (1.3ms)
Rendering rescues/layout (internal_server_error)


Processing PagesController#home (for 127.0.0.1 at 2010-10-10 00:16:32) [GET]
Rendering template within layouts/application
Rendering pages/home
Rendered shared/_quickSection (0.8ms)

ActionView::TemplateError (undefined method `aggregate' for #<DataMapper::Adapters::Sqlite3Adapter:0x00000100e92db0>) on line #9 of app/views/shared/_category.html.erb:
6: 				<li>
7: 					<a class="title" href="/temps?category_name=<%= category.id %>"<%= "class='on'" if @category_name == category.name%>><%= category.name %></a>
8: <% @subcategories = category.subcategories 
9: if @subcategories.count !=0 %>
10: 					<ul>
11: <% @subcategories.each do |subcategory| %>
12: 	<li><a class="sub-title" href="/temps?category_name=<%= category.id %>&subcategory_name=<%= subcategory.id %>"<%= " class='on'" if @subcategory_name == subcategory.name and @category_name == category.name%>><%= subcategory.name %></a></li>

    /Users/cholubin/.rvm/gems/ruby-1.9.1-p378/gems/dm-aggregates-0.10.2/lib/dm-aggregates/repository.rb:6:in `aggregate'
    /Users/cholubin/.rvm/gems/ruby-1.9.1-p378/gems/dm-aggregates-0.10.2/lib/dm-aggregates/aggregate_functions.rb:168:in `aggregate'
    /Users/cholubin/.rvm/gems/ruby-1.9.1-p378/gems/dm-aggregates-0.10.2/lib/dm-aggregates/aggregate_functions.rb:40:in `count'
    app/views/shared/_category.html.erb:9:in `block in _run_erb_app47views47shared47_category46html46erb_locals_category_object'
    /Users/cholubin/.rvm/gems/ruby-1.9.1-p378/gems/dm-core-0.10.2/lib/dm-core/collection.rb:509:in `block in each'
    extlib (0.9.15) lib/extlib/lazy_array.rb:413:in `block in each'
    extlib (0.9.15) lib/extlib/lazy_array.rb:413:in `each'
    extlib (0.9.15) lib/extlib/lazy_array.rb:413:in `each'
    /Users/cholubin/.rvm/gems/ruby-1.9.1-p378/gems/dm-core-0.10.2/lib/dm-core/collection.rb:506:in `each'
    app/views/shared/_category.html.erb:5
    app/views/pages/home.html.erb:7
    <internal:prelude>:8:in `synchronize'
    /Users/cholubin/.rvm/rubies/ruby-1.9.1-p378/lib/ruby/1.9.1/webrick/httpserver.rb:111:in `service'
    /Users/cholubin/.rvm/rubies/ruby-1.9.1-p378/lib/ruby/1.9.1/webrick/httpserver.rb:70:in `run'
    /Users/cholubin/.rvm/rubies/ruby-1.9.1-p378/lib/ruby/1.9.1/webrick/server.rb:183:in `block in start_thread'

Rendered rescues/_trace (90.7ms)
Rendered rescues/_request_and_response (0.3ms)
Rendering rescues/layout (internal_server_error)


Processing AdminController#index (for 127.0.0.1 at 2010-10-10 00:16:36) [GET]

ActionController::UnknownAction (No action responded to index. Actions: ):
  <internal:prelude>:8:in `synchronize'
  /Users/cholubin/.rvm/rubies/ruby-1.9.1-p378/lib/ruby/1.9.1/webrick/httpserver.rb:111:in `service'
  /Users/cholubin/.rvm/rubies/ruby-1.9.1-p378/lib/ruby/1.9.1/webrick/httpserver.rb:70:in `run'
  /Users/cholubin/.rvm/rubies/ruby-1.9.1-p378/lib/ruby/1.9.1/webrick/server.rb:183:in `block in start_thread'

Rendering rescues/layout (not_found)


Processing PagesController#home (for 127.0.0.1 at 2010-10-10 00:16:50) [GET]
Rendering template within layouts/application
Rendering pages/home
Rendered shared/_quickSection (0.6ms)

ActionView::TemplateError (undefined method `aggregate' for #<DataMapper::Adapters::Sqlite3Adapter:0x00000100e92db0>) on line #9 of app/views/shared/_category.html.erb:
6: 				<li>
7: 					<a class="title" href="/temps?category_name=<%= category.id %>"<%= "class='on'" if @category_name == category.name%>><%= category.name %></a>
8: <% @subcategories = category.subcategories 
9: if @subcategories.count !=0 %>
10: 					<ul>
11: <% @subcategories.each do |subcategory| %>
12: 	<li><a class="sub-title" href="/temps?category_name=<%= category.id %>&subcategory_name=<%= subcategory.id %>"<%= " class='on'" if @subcategory_name == subcategory.name and @category_name == category.name%>><%= subcategory.name %></a></li>

    /Users/cholubin/.rvm/gems/ruby-1.9.1-p378/gems/dm-aggregates-0.10.2/lib/dm-aggregates/repository.rb:6:in `aggregate'
    /Users/cholubin/.rvm/gems/ruby-1.9.1-p378/gems/dm-aggregates-0.10.2/lib/dm-aggregates/aggregate_functions.rb:168:in `aggregate'
    /Users/cholubin/.rvm/gems/ruby-1.9.1-p378/gems/dm-aggregates-0.10.2/lib/dm-aggregates/aggregate_functions.rb:40:in `count'
    app/views/shared/_category.html.erb:9:in `block in _run_erb_app47views47shared47_category46html46erb_locals_category_object'
    /Users/cholubin/.rvm/gems/ruby-1.9.1-p378/gems/dm-core-0.10.2/lib/dm-core/collection.rb:509:in `block in each'
    extlib (0.9.15) lib/extlib/lazy_array.rb:413:in `block in each'
    extlib (0.9.15) lib/extlib/lazy_array.rb:413:in `each'
    extlib (0.9.15) lib/extlib/lazy_array.rb:413:in `each'
    /Users/cholubin/.rvm/gems/ruby-1.9.1-p378/gems/dm-core-0.10.2/lib/dm-core/collection.rb:506:in `each'
    app/views/shared/_category.html.erb:5
    app/views/pages/home.html.erb:7
    <internal:prelude>:8:in `synchronize'
    /Users/cholubin/.rvm/rubies/ruby-1.9.1-p378/lib/ruby/1.9.1/webrick/httpserver.rb:111:in `service'
    /Users/cholubin/.rvm/rubies/ruby-1.9.1-p378/lib/ruby/1.9.1/webrick/httpserver.rb:70:in `run'
    /Users/cholubin/.rvm/rubies/ruby-1.9.1-p378/lib/ruby/1.9.1/webrick/server.rb:183:in `block in start_thread'

Rendered rescues/_trace (161.5ms)
Rendered rescues/_request_and_response (0.3ms)
Rendering rescues/layout (internal_server_error)


Processing PagesController#home (for 127.0.0.1 at 2010-10-10 00:18:21) [GET]
Rendering template within layouts/application
Rendering pages/home
Rendered shared/_quickSection (97.6ms)

ActionView::TemplateError (undefined method `aggregate' for #<DataMapper::Adapters::Sqlite3Adapter:0x00000100df8d40>) on line #9 of app/views/shared/_category.html.erb:
6: 				<li>
7: 					<a class="title" href="/temps?category_name=<%= category.id %>"<%= "class='on'" if @category_name == category.name%>><%= category.name %></a>
8: <% @subcategories = category.subcategories 
9: if @subcategories.count !=0 %>
10: 					<ul>
11: <% @subcategories.each do |subcategory| %>
12: 	<li><a class="sub-title" href="/temps?category_name=<%= category.id %>&subcategory_name=<%= subcategory.id %>"<%= " class='on'" if @subcategory_name == subcategory.name and @category_name == category.name%>><%= subcategory.name %></a></li>

    /Users/cholubin/.rvm/gems/ruby-1.9.1-p378/gems/dm-aggregates-0.10.2/lib/dm-aggregates/repository.rb:6:in `aggregate'
    /Users/cholubin/.rvm/gems/ruby-1.9.1-p378/gems/dm-aggregates-0.10.2/lib/dm-aggregates/aggregate_functions.rb:168:in `aggregate'
    /Users/cholubin/.rvm/gems/ruby-1.9.1-p378/gems/dm-aggregates-0.10.2/lib/dm-aggregates/aggregate_functions.rb:40:in `count'
    app/views/shared/_category.html.erb:9:in `block in _run_erb_app47views47shared47_category46html46erb_locals_category_object'
    /Users/cholubin/.rvm/gems/ruby-1.9.1-p378/gems/dm-core-0.10.2/lib/dm-core/collection.rb:509:in `block in each'
    extlib (0.9.15) lib/extlib/lazy_array.rb:413:in `block in each'
    extlib (0.9.15) lib/extlib/lazy_array.rb:413:in `each'
    extlib (0.9.15) lib/extlib/lazy_array.rb:413:in `each'
    /Users/cholubin/.rvm/gems/ruby-1.9.1-p378/gems/dm-core-0.10.2/lib/dm-core/collection.rb:506:in `each'
    app/views/shared/_category.html.erb:5
    app/views/pages/home.html.erb:7
    <internal:prelude>:8:in `synchronize'
    /Users/cholubin/.rvm/rubies/ruby-1.9.1-p378/lib/ruby/1.9.1/webrick/httpserver.rb:111:in `service'
    /Users/cholubin/.rvm/rubies/ruby-1.9.1-p378/lib/ruby/1.9.1/webrick/httpserver.rb:70:in `run'
    /Users/cholubin/.rvm/rubies/ruby-1.9.1-p378/lib/ruby/1.9.1/webrick/server.rb:183:in `block in start_thread'

Rendered rescues/_trace (92.1ms)
Rendered rescues/_request_and_response (1.2ms)
Rendering rescues/layout (internal_server_error)


Processing TempsController#index (for 127.0.0.1 at 2010-10-10 00:18:38) [GET]

NoMethodError (undefined method `aggregate' for #<DataMapper::Adapters::Sqlite3Adapter:0x00000100df8d40>):
  /Users/cholubin/.rvm/gems/ruby-1.9.1-p378/gems/dm-aggregates-0.10.2/lib/dm-aggregates/repository.rb:6:in `aggregate'
  /Users/cholubin/.rvm/gems/ruby-1.9.1-p378/gems/dm-aggregates-0.10.2/lib/dm-aggregates/aggregate_functions.rb:168:in `aggregate'
  /Users/cholubin/.rvm/gems/ruby-1.9.1-p378/gems/dm-aggregates-0.10.2/lib/dm-aggregates/aggregate_functions.rb:40:in `count'
  /Users/cholubin/.rvm/gems/ruby-1.9.1-p378/gems/dm-pager-1.1.0/lib/dm-pager/pagination.rb:47:in `page'
  app/models/temp.rb:61:in `search'
  /Users/cholubin/.rvm/gems/ruby-1.9.1-p378/gems/dm-core-0.10.2/lib/dm-core/collection.rb:1460:in `block in delegate_to_model'
  /Users/cholubin/.rvm/gems/ruby-1.9.1-p378/gems/dm-core-0.10.2/lib/dm-core/model/scope.rb:53:in `block in with_scope'
  /Users/cholubin/.rvm/gems/ruby-1.9.1-p378/gems/dm-core-0.10.2/lib/dm-core/model/scope.rb:73:in `with_exclusive_scope'
  /Users/cholubin/.rvm/gems/ruby-1.9.1-p378/gems/dm-core-0.10.2/lib/dm-core/model/scope.rb:53:in `with_scope'
  /Users/cholubin/.rvm/gems/ruby-1.9.1-p378/gems/dm-core-0.10.2/lib/dm-core/collection.rb:1459:in `delegate_to_model'
  /Users/cholubin/.rvm/gems/ruby-1.9.1-p378/gems/dm-core-0.10.2/lib/dm-core/collection.rb:1438:in `method_missing'
  app/controllers/temps_controller.rb:65:in `index'
  <internal:prelude>:8:in `synchronize'
  /Users/cholubin/.rvm/rubies/ruby-1.9.1-p378/lib/ruby/1.9.1/webrick/httpserver.rb:111:in `service'
  /Users/cholubin/.rvm/rubies/ruby-1.9.1-p378/lib/ruby/1.9.1/webrick/httpserver.rb:70:in `run'
  /Users/cholubin/.rvm/rubies/ruby-1.9.1-p378/lib/ruby/1.9.1/webrick/server.rb:183:in `block in start_thread'

Rendered rescues/_trace (66.1ms)
Rendered rescues/_request_and_response (0.3ms)
Rendering rescues/layout (internal_server_error)


Processing TempsController#index (for 127.0.0.1 at 2010-10-10 00:19:01) [GET]

NoMethodError (undefined method `aggregate' for #<DataMapper::Adapters::Sqlite3Adapter:0x00000100df8d40>):
  /Users/cholubin/.rvm/gems/ruby-1.9.1-p378/gems/dm-aggregates-0.10.2/lib/dm-aggregates/repository.rb:6:in `aggregate'
  /Users/cholubin/.rvm/gems/ruby-1.9.1-p378/gems/dm-aggregates-0.10.2/lib/dm-aggregates/aggregate_functions.rb:168:in `aggregate'
  /Users/cholubin/.rvm/gems/ruby-1.9.1-p378/gems/dm-aggregates-0.10.2/lib/dm-aggregates/aggregate_functions.rb:40:in `count'
  /Users/cholubin/.rvm/gems/ruby-1.9.1-p378/gems/dm-pager-1.1.0/lib/dm-pager/pagination.rb:47:in `page'
  app/models/temp.rb:61:in `search'
  /Users/cholubin/.rvm/gems/ruby-1.9.1-p378/gems/dm-core-0.10.2/lib/dm-core/collection.rb:1460:in `block in delegate_to_model'
  /Users/cholubin/.rvm/gems/ruby-1.9.1-p378/gems/dm-core-0.10.2/lib/dm-core/model/scope.rb:53:in `block in with_scope'
  /Users/cholubin/.rvm/gems/ruby-1.9.1-p378/gems/dm-core-0.10.2/lib/dm-core/model/scope.rb:73:in `with_exclusive_scope'
  /Users/cholubin/.rvm/gems/ruby-1.9.1-p378/gems/dm-core-0.10.2/lib/dm-core/model/scope.rb:53:in `with_scope'
  /Users/cholubin/.rvm/gems/ruby-1.9.1-p378/gems/dm-core-0.10.2/lib/dm-core/collection.rb:1459:in `delegate_to_model'
  /Users/cholubin/.rvm/gems/ruby-1.9.1-p378/gems/dm-core-0.10.2/lib/dm-core/collection.rb:1438:in `method_missing'
  app/controllers/temps_controller.rb:65:in `index'
  <internal:prelude>:8:in `synchronize'
  /Users/cholubin/.rvm/rubies/ruby-1.9.1-p378/lib/ruby/1.9.1/webrick/httpserver.rb:111:in `service'
  /Users/cholubin/.rvm/rubies/ruby-1.9.1-p378/lib/ruby/1.9.1/webrick/httpserver.rb:70:in `run'
  /Users/cholubin/.rvm/rubies/ruby-1.9.1-p378/lib/ruby/1.9.1/webrick/server.rb:183:in `block in start_thread'

Rendered rescues/_trace (63.3ms)
Rendered rescues/_request_and_response (0.4ms)
Rendering rescues/layout (internal_server_error)


Processing TempsController#index (for 127.0.0.1 at 2010-10-10 00:19:39) [GET]

NameError (uninitialized constant CarrierWave::Mount):
  carrierwave (0.4.5) lib/carrierwave/orm/datamapper.rb:8:in `<module:DataMapper>'
  carrierwave (0.4.5) lib/carrierwave/orm/datamapper.rb:6:in `<module:CarrierWave>'
  carrierwave (0.4.5) lib/carrierwave/orm/datamapper.rb:5:in `<top (required)>'
  app/models/category.rb:3:in `<top (required)>'
  app/controllers/temps_controller.rb:64:in `index'
  <internal:prelude>:8:in `synchronize'
  /Users/cholubin/.rvm/rubies/ruby-1.9.1-p378/lib/ruby/1.9.1/webrick/httpserver.rb:111:in `service'
  /Users/cholubin/.rvm/rubies/ruby-1.9.1-p378/lib/ruby/1.9.1/webrick/httpserver.rb:70:in `run'
  /Users/cholubin/.rvm/rubies/ruby-1.9.1-p378/lib/ruby/1.9.1/webrick/server.rb:183:in `block in start_thread'

Rendered rescues/_trace (76.7ms)
Rendered rescues/_request_and_response (1.3ms)
Rendering rescues/layout (internal_server_error)


Processing TempsController#index (for 127.0.0.1 at 2010-10-10 00:19:47) [GET]

NameError (uninitialized constant CarrierWave::Mount):
  carrierwave (0.4.5) lib/carrierwave/orm/datamapper.rb:8:in `<module:DataMapper>'
  carrierwave (0.4.5) lib/carrierwave/orm/datamapper.rb:6:in `<module:CarrierWave>'
  carrierwave (0.4.5) lib/carrierwave/orm/datamapper.rb:5:in `<top (required)>'
  app/models/category.rb:3:in `<top (required)>'
  app/controllers/temps_controller.rb:64:in `index'
  <internal:prelude>:8:in `synchronize'
  /Users/cholubin/.rvm/rubies/ruby-1.9.1-p378/lib/ruby/1.9.1/webrick/httpserver.rb:111:in `service'
  /Users/cholubin/.rvm/rubies/ruby-1.9.1-p378/lib/ruby/1.9.1/webrick/httpserver.rb:70:in `run'
  /Users/cholubin/.rvm/rubies/ruby-1.9.1-p378/lib/ruby/1.9.1/webrick/server.rb:183:in `block in start_thread'

Rendered rescues/_trace (68.8ms)
Rendered rescues/_request_and_response (0.4ms)
Rendering rescues/layout (internal_server_error)


Processing TempsController#index (for 127.0.0.1 at 2010-10-10 00:19:59) [GET]

NoMethodError (undefined method `aggregate' for #<DataMapper::Adapters::Sqlite3Adapter:0x00000101663b18>):
  /Users/cholubin/.rvm/gems/ruby-1.9.1-p378/gems/dm-aggregates-0.10.2/lib/dm-aggregates/repository.rb:6:in `aggregate'
  /Users/cholubin/.rvm/gems/ruby-1.9.1-p378/gems/dm-aggregates-0.10.2/lib/dm-aggregates/aggregate_functions.rb:168:in `aggregate'
  /Users/cholubin/.rvm/gems/ruby-1.9.1-p378/gems/dm-aggregates-0.10.2/lib/dm-aggregates/aggregate_functions.rb:40:in `count'
  /Users/cholubin/.rvm/gems/ruby-1.9.1-p378/gems/dm-pager-1.1.0/lib/dm-pager/pagination.rb:47:in `page'
  app/models/temp.rb:61:in `search'
  /Users/cholubin/.rvm/gems/ruby-1.9.1-p378/gems/dm-core-0.10.2/lib/dm-core/collection.rb:1460:in `block in delegate_to_model'
  /Users/cholubin/.rvm/gems/ruby-1.9.1-p378/gems/dm-core-0.10.2/lib/dm-core/model/scope.rb:53:in `block in with_scope'
  /Users/cholubin/.rvm/gems/ruby-1.9.1-p378/gems/dm-core-0.10.2/lib/dm-core/model/scope.rb:73:in `with_exclusive_scope'
  /Users/cholubin/.rvm/gems/ruby-1.9.1-p378/gems/dm-core-0.10.2/lib/dm-core/model/scope.rb:53:in `with_scope'
  /Users/cholubin/.rvm/gems/ruby-1.9.1-p378/gems/dm-core-0.10.2/lib/dm-core/collection.rb:1459:in `delegate_to_model'
  /Users/cholubin/.rvm/gems/ruby-1.9.1-p378/gems/dm-core-0.10.2/lib/dm-core/collection.rb:1438:in `method_missing'
  app/controllers/temps_controller.rb:65:in `index'
  <internal:prelude>:8:in `synchronize'
  /Users/cholubin/.rvm/rubies/ruby-1.9.1-p378/lib/ruby/1.9.1/webrick/httpserver.rb:111:in `service'
  /Users/cholubin/.rvm/rubies/ruby-1.9.1-p378/lib/ruby/1.9.1/webrick/httpserver.rb:70:in `run'
  /Users/cholubin/.rvm/rubies/ruby-1.9.1-p378/lib/ruby/1.9.1/webrick/server.rb:183:in `block in start_thread'

Rendered rescues/_trace (123.0ms)
Rendered rescues/_request_and_response (1.2ms)
Rendering rescues/layout (internal_server_error)


Processing TempsController#index (for 127.0.0.1 at 2010-10-10 00:21:35) [GET]

NoMethodError (undefined method `aggregate' for #<DataMapper::Adapters::Sqlite3Adapter:0x000001025f5828>):
  /Users/cholubin/.rvm/gems/ruby-1.9.1-p378/gems/dm-aggregates-0.10.2/lib/dm-aggregates/repository.rb:6:in `aggregate'
  /Users/cholubin/.rvm/gems/ruby-1.9.1-p378/gems/dm-aggregates-0.10.2/lib/dm-aggregates/aggregate_functions.rb:168:in `aggregate'
  /Users/cholubin/.rvm/gems/ruby-1.9.1-p378/gems/dm-aggregates-0.10.2/lib/dm-aggregates/aggregate_functions.rb:40:in `count'
  /Users/cholubin/.rvm/gems/ruby-1.9.1-p378/gems/dm-pager-1.1.0/lib/dm-pager/pagination.rb:47:in `page'
  app/models/temp.rb:61:in `search'
  /Users/cholubin/.rvm/gems/ruby-1.9.1-p378/gems/dm-core-0.10.2/lib/dm-core/collection.rb:1460:in `block in delegate_to_model'
  /Users/cholubin/.rvm/gems/ruby-1.9.1-p378/gems/dm-core-0.10.2/lib/dm-core/model/scope.rb:53:in `block in with_scope'
  /Users/cholubin/.rvm/gems/ruby-1.9.1-p378/gems/dm-core-0.10.2/lib/dm-core/model/scope.rb:73:in `with_exclusive_scope'
  /Users/cholubin/.rvm/gems/ruby-1.9.1-p378/gems/dm-core-0.10.2/lib/dm-core/model/scope.rb:53:in `with_scope'
  /Users/cholubin/.rvm/gems/ruby-1.9.1-p378/gems/dm-core-0.10.2/lib/dm-core/collection.rb:1459:in `delegate_to_model'
  /Users/cholubin/.rvm/gems/ruby-1.9.1-p378/gems/dm-core-0.10.2/lib/dm-core/collection.rb:1438:in `method_missing'
  app/controllers/temps_controller.rb:65:in `index'
  <internal:prelude>:8:in `synchronize'
  /Users/cholubin/.rvm/rubies/ruby-1.9.1-p378/lib/ruby/1.9.1/webrick/httpserver.rb:111:in `service'
  /Users/cholubin/.rvm/rubies/ruby-1.9.1-p378/lib/ruby/1.9.1/webrick/httpserver.rb:70:in `run'
  /Users/cholubin/.rvm/rubies/ruby-1.9.1-p378/lib/ruby/1.9.1/webrick/server.rb:183:in `block in start_thread'

Rendered rescues/_trace (108.7ms)
Rendered rescues/_request_and_response (1.2ms)
Rendering rescues/layout (internal_server_error)


Processing TempsController#index (for 127.0.0.1 at 2010-10-10 00:22:03) [GET]

NoMethodError (undefined method `aggregate' for #<DataMapper::Adapters::Sqlite3Adapter:0x00000102cb0238>):
  /Users/cholubin/.rvm/gems/ruby-1.9.1-p378/gems/dm-aggregates-0.10.2/lib/dm-aggregates/repository.rb:6:in `aggregate'
  /Users/cholubin/.rvm/gems/ruby-1.9.1-p378/gems/dm-aggregates-0.10.2/lib/dm-aggregates/aggregate_functions.rb:168:in `aggregate'
  /Users/cholubin/.rvm/gems/ruby-1.9.1-p378/gems/dm-aggregates-0.10.2/lib/dm-aggregates/aggregate_functions.rb:40:in `count'
  /Users/cholubin/.rvm/gems/ruby-1.9.1-p378/gems/dm-pager-1.1.0/lib/dm-pager/pagination.rb:47:in `page'
  app/models/temp.rb:61:in `search'
  /Users/cholubin/.rvm/gems/ruby-1.9.1-p378/gems/dm-core-0.10.2/lib/dm-core/collection.rb:1460:in `block in delegate_to_model'
  /Users/cholubin/.rvm/gems/ruby-1.9.1-p378/gems/dm-core-0.10.2/lib/dm-core/model/scope.rb:53:in `block in with_scope'
  /Users/cholubin/.rvm/gems/ruby-1.9.1-p378/gems/dm-core-0.10.2/lib/dm-core/model/scope.rb:73:in `with_exclusive_scope'
  /Users/cholubin/.rvm/gems/ruby-1.9.1-p378/gems/dm-core-0.10.2/lib/dm-core/model/scope.rb:53:in `with_scope'
  /Users/cholubin/.rvm/gems/ruby-1.9.1-p378/gems/dm-core-0.10.2/lib/dm-core/collection.rb:1459:in `delegate_to_model'
  /Users/cholubin/.rvm/gems/ruby-1.9.1-p378/gems/dm-core-0.10.2/lib/dm-core/collection.rb:1438:in `method_missing'
  app/controllers/temps_controller.rb:65:in `index'
  <internal:prelude>:8:in `synchronize'
  /Users/cholubin/.rvm/rubies/ruby-1.9.1-p378/lib/ruby/1.9.1/webrick/httpserver.rb:111:in `service'
  /Users/cholubin/.rvm/rubies/ruby-1.9.1-p378/lib/ruby/1.9.1/webrick/httpserver.rb:70:in `run'
  /Users/cholubin/.rvm/rubies/ruby-1.9.1-p378/lib/ruby/1.9.1/webrick/server.rb:183:in `block in start_thread'

Rendered rescues/_trace (112.3ms)
Rendered rescues/_request_and_response (1.2ms)
Rendering rescues/layout (internal_server_error)


Processing TempsController#index (for 127.0.0.1 at 2010-10-10 00:22:43) [GET]

NoMethodError (undefined method `aggregate' for #<DataMapper::Adapters::Sqlite3Adapter:0x000001025cf338>):
  /Users/cholubin/.rvm/gems/ruby-1.9.1-p378/gems/dm-aggregates-0.10.2/lib/dm-aggregates/repository.rb:6:in `aggregate'
  /Users/cholubin/.rvm/gems/ruby-1.9.1-p378/gems/dm-aggregates-0.10.2/lib/dm-aggregates/aggregate_functions.rb:168:in `aggregate'
  /Users/cholubin/.rvm/gems/ruby-1.9.1-p378/gems/dm-aggregates-0.10.2/lib/dm-aggregates/aggregate_functions.rb:40:in `count'
  /Users/cholubin/.rvm/gems/ruby-1.9.1-p378/gems/dm-pager-1.1.0/lib/dm-pager/pagination.rb:47:in `page'
  app/models/temp.rb:61:in `search'
  /Users/cholubin/.rvm/gems/ruby-1.9.1-p378/gems/dm-core-0.10.2/lib/dm-core/collection.rb:1460:in `block in delegate_to_model'
  /Users/cholubin/.rvm/gems/ruby-1.9.1-p378/gems/dm-core-0.10.2/lib/dm-core/model/scope.rb:53:in `block in with_scope'
  /Users/cholubin/.rvm/gems/ruby-1.9.1-p378/gems/dm-core-0.10.2/lib/dm-core/model/scope.rb:73:in `with_exclusive_scope'
  /Users/cholubin/.rvm/gems/ruby-1.9.1-p378/gems/dm-core-0.10.2/lib/dm-core/model/scope.rb:53:in `with_scope'
  /Users/cholubin/.rvm/gems/ruby-1.9.1-p378/gems/dm-core-0.10.2/lib/dm-core/collection.rb:1459:in `delegate_to_model'
  /Users/cholubin/.rvm/gems/ruby-1.9.1-p378/gems/dm-core-0.10.2/lib/dm-core/collection.rb:1438:in `method_missing'
  app/controllers/temps_controller.rb:65:in `index'
  <internal:prelude>:8:in `synchronize'
  /Users/cholubin/.rvm/rubies/ruby-1.9.1-p378/lib/ruby/1.9.1/webrick/httpserver.rb:111:in `service'
  /Users/cholubin/.rvm/rubies/ruby-1.9.1-p378/lib/ruby/1.9.1/webrick/httpserver.rb:70:in `run'
  /Users/cholubin/.rvm/rubies/ruby-1.9.1-p378/lib/ruby/1.9.1/webrick/server.rb:183:in `block in start_thread'

Rendered rescues/_trace (111.9ms)
Rendered rescues/_request_and_response (1.3ms)
Rendering rescues/layout (internal_server_error)


Processing PagesController#home (for 127.0.0.1 at 2010-10-10 00:28:23) [GET]
Rendering template within layouts/application
Rendering pages/home
Rendered shared/_quickSection (41.1ms)
Rendered shared/_category (13.4ms)
Rendered pages/_main_content (5.1ms)
Rendered shared/_header (0.7ms)
Rendered shared/_footer (101.5ms)
Completed in 1660ms (View: 371 | 200 OK [http://localhost/]


Processing TempsController#index (for 127.0.0.1 at 2010-10-10 00:29:02) [GET]

NoMethodError (undefined method `signed_in?' for #<TempsController:0x1055c64e8>):
  app/controllers/temps_controller.rb:37:in `index'
  haml (3.0.6) rails/./lib/sass/plugin/rack.rb:41:in `call'
  haml (3.0.6) rails/./lib/sass/plugin/rack.rb:41:in `call'

Rendered rescues/_trace (54.2ms)
Rendered rescues/_request_and_response (16.7ms)
Rendering rescues/layout (internal_server_error)


Processing AddressController#search (for 127.0.0.1 at 2010-10-10 00:30:26) [GET]
  Parameters: {"dong"=>"삼성\353\217\231"}

MissingSourceFile (no such file to load -- geokit):
  vendor/plugins/ko_zipcode/app/models/address.rb:2
  vendor/plugins/ko_zipcode/app/controllers/address_controller.rb:11:in `search'
  haml (3.0.6) rails/./lib/sass/plugin/rack.rb:41:in `call'
  haml (3.0.6) rails/./lib/sass/plugin/rack.rb:41:in `call'

Rendered rescues/_trace (148.8ms)
Rendered rescues/_request_and_response (0.3ms)
Rendering rescues/layout (internal_server_error)


Processing AddressController#search (for 127.0.0.1 at 2010-10-10 00:33:24) [GET]
  Parameters: {"dong"=>"삼성동"}
Rendering template within layouts/application
Rendering address/search
Rendered shared/_header (0.8ms)
Rendered shared/_footer (0.7ms)
Completed in 241ms (View: 118 | 200 OK [http://localhost/address/search?dong=%EC%82%BC%EC%84%B1%EB%8F%99]


Processing AddressController#search (for 127.0.0.1 at 2010-10-10 00:33:37) [GET]
  Parameters: {"dong"=>"문래"}
Rendering template within layouts/application
Rendering address/search
Rendered shared/_header (0.1ms)
Rendered shared/_footer (0.0ms)
Completed in 3ms (View: 2 | 200 OK [http://localhost/address/search?dong=%EB%AC%B8%EB%9E%98]


Processing AddressController#search (for 127.0.0.1 at 2010-10-10 00:33:42) [GET]
  Parameters: {"dong"=>"문래"}
Rendering template within layouts/application
Rendering address/search
Rendered shared/_header (0.1ms)
Rendered shared/_footer (0.1ms)
Completed in 4ms (View: 3 | 200 OK [http://localhost/address/search?dong=%EB%AC%B8%EB%9E%98]


Processing PagesController#home (for 127.0.0.1 at 2010-10-10 00:33:55) [GET]
Rendering template within layouts/application
Rendering pages/home
Rendered shared/_quickSection (220.3ms)
Rendered shared/_category (11.3ms)
Rendered pages/_main_content (3.3ms)
Rendered shared/_header (0.1ms)
Rendered shared/_footer (0.0ms)
Completed in 1748ms (View: 270 | 200 OK [http://localhost/]


Processing TempsController#index (for 127.0.0.1 at 2010-10-10 00:33:59) [GET]

NoMethodError (undefined method `signed_in?' for #<TempsController:0x00000106a22af0>):
  app/controllers/temps_controller.rb:37:in `index'
  haml (3.0.4) lib/sass/plugin/rack.rb:41:in `call'
  haml (3.0.4) lib/sass/plugin/rack.rb:41:in `call'
  <internal:prelude>:8:in `synchronize'
  /Users/cholubin/.rvm/rubies/ruby-1.9.1-p378/lib/ruby/1.9.1/webrick/httpserver.rb:111:in `service'
  /Users/cholubin/.rvm/rubies/ruby-1.9.1-p378/lib/ruby/1.9.1/webrick/httpserver.rb:70:in `run'
  /Users/cholubin/.rvm/rubies/ruby-1.9.1-p378/lib/ruby/1.9.1/webrick/server.rb:183:in `block in start_thread'

Rendered rescues/_trace (50.6ms)
Rendered rescues/_request_and_response (1.3ms)
Rendering rescues/layout (internal_server_error)


Processing PagesController#home (for 127.0.0.1 at 2010-10-10 00:43:48) [GET]
Rendering template within layouts/application
Rendering pages/home
Rendered shared/_quickSection (116.6ms)
Rendered shared/_category (10.3ms)
Rendered pages/_main_content (2.9ms)
Rendered shared/_header (0.7ms)
Rendered shared/_footer (0.7ms)
Completed in 1813ms (View: 265 | 200 OK [http://localhost/]


Processing SessionsController#create (for 127.0.0.1 at 2010-10-10 00:43:57) [POST]
  Parameters: {"authenticity_token"=>"Mgymooc2Z/HOwKR9KrIFkJ/tx77YsgQ2yNsacE01I7U=", "session"=>{"uri"=>"", "userid"=>"cholubin", "password"=>"5972"}}

NoMethodError (undefined method `sign_in' for #<SessionsController:0x00000104fe7358>):
  app/controllers/sessions_controller.rb:45:in `create'
  haml (3.0.4) lib/sass/plugin/rack.rb:41:in `call'
  haml (3.0.4) lib/sass/plugin/rack.rb:41:in `call'
  <internal:prelude>:8:in `synchronize'
  /Users/cholubin/.rvm/rubies/ruby-1.9.1-p378/lib/ruby/1.9.1/webrick/httpserver.rb:111:in `service'
  /Users/cholubin/.rvm/rubies/ruby-1.9.1-p378/lib/ruby/1.9.1/webrick/httpserver.rb:70:in `run'
  /Users/cholubin/.rvm/rubies/ruby-1.9.1-p378/lib/ruby/1.9.1/webrick/server.rb:183:in `block in start_thread'

Rendered rescues/_trace (48.0ms)
Rendered rescues/_request_and_response (19.2ms)
Rendering rescues/layout (internal_server_error)


Processing SessionsController#create (for 127.0.0.1 at 2010-10-10 00:45:08) [POST]
  Parameters: {"authenticity_token"=>"Mgymooc2Z/HOwKR9KrIFkJ/tx77YsgQ2yNsacE01I7U=", "session"=>{"uri"=>"", "userid"=>"cholubin", "password"=>"5972"}}

NoMethodError (undefined method `sign_in' for #<SessionsController:0x000001033589c8>):
  app/controllers/sessions_controller.rb:45:in `create'
  haml (3.0.4) lib/sass/plugin/rack.rb:41:in `call'
  haml (3.0.4) lib/sass/plugin/rack.rb:41:in `call'
  <internal:prelude>:8:in `synchronize'
  /Users/cholubin/.rvm/rubies/ruby-1.9.1-p378/lib/ruby/1.9.1/webrick/httpserver.rb:111:in `service'
  /Users/cholubin/.rvm/rubies/ruby-1.9.1-p378/lib/ruby/1.9.1/webrick/httpserver.rb:70:in `run'
  /Users/cholubin/.rvm/rubies/ruby-1.9.1-p378/lib/ruby/1.9.1/webrick/server.rb:183:in `block in start_thread'

Rendered rescues/_trace (110.3ms)
Rendered rescues/_request_and_response (0.4ms)
Rendering rescues/layout (internal_server_error)


Processing PagesController#home (for 127.0.0.1 at 2010-10-10 00:45:12) [GET]
Rendering template within layouts/application
Rendering pages/home
Rendered shared/_quickSection (3.1ms)
Rendered shared/_category (7.7ms)
Rendered pages/_main_content (2.1ms)
Rendered shared/_header (0.0ms)
Rendered shared/_footer (0.0ms)
Completed in 41ms (View: 39 | 200 OK [http://localhost/]


Processing TempsController#index (for 127.0.0.1 at 2010-10-10 00:45:14) [GET]

NoMethodError (undefined method `signed_in?' for #<TempsController:0x00000104ddf3a0>):
  app/controllers/temps_controller.rb:37:in `index'
  haml (3.0.4) lib/sass/plugin/rack.rb:41:in `call'
  haml (3.0.4) lib/sass/plugin/rack.rb:41:in `call'
  <internal:prelude>:8:in `synchronize'
  /Users/cholubin/.rvm/rubies/ruby-1.9.1-p378/lib/ruby/1.9.1/webrick/httpserver.rb:111:in `service'
  /Users/cholubin/.rvm/rubies/ruby-1.9.1-p378/lib/ruby/1.9.1/webrick/httpserver.rb:70:in `run'
  /Users/cholubin/.rvm/rubies/ruby-1.9.1-p378/lib/ruby/1.9.1/webrick/server.rb:183:in `block in start_thread'

Rendered rescues/_trace (53.4ms)
Rendered rescues/_request_and_response (0.4ms)
Rendering rescues/layout (internal_server_error)


Processing PagesController#home (for 127.0.0.1 at 2010-10-10 00:45:54) [GET]
Rendering template within layouts/application
Rendering pages/home
Rendered shared/_quickSection (2.8ms)
Rendered shared/_category (8.0ms)
Rendered pages/_main_content (2.0ms)
Rendered shared/_header (0.0ms)
Rendered shared/_footer (0.0ms)
Completed in 42ms (View: 39 | 200 OK [http://localhost/]


Processing MytemplatesController#index (for 127.0.0.1 at 2010-10-10 00:45:56) [GET]

NoMethodError (undefined method `authenticate_user!' for #<MytemplatesController:0x0000010211fb30>):
  haml (3.0.4) lib/sass/plugin/rack.rb:41:in `call'
  haml (3.0.4) lib/sass/plugin/rack.rb:41:in `call'
  <internal:prelude>:8:in `synchronize'
  /Users/cholubin/.rvm/rubies/ruby-1.9.1-p378/lib/ruby/1.9.1/webrick/httpserver.rb:111:in `service'
  /Users/cholubin/.rvm/rubies/ruby-1.9.1-p378/lib/ruby/1.9.1/webrick/httpserver.rb:70:in `run'
  /Users/cholubin/.rvm/rubies/ruby-1.9.1-p378/lib/ruby/1.9.1/webrick/server.rb:183:in `block in start_thread'

Rendered rescues/_trace (140.3ms)
Rendered rescues/_request_and_response (0.3ms)
Rendering rescues/layout (internal_server_error)


Processing AdminsessionsController#new (for 127.0.0.1 at 2010-10-10 00:46:41) [GET]

NoMethodError (undefined method `admin_signed_in?' for #<AdminsessionsController:0x00000104db7358>):
  app/controllers/adminsessions_controller.rb:12:in `new'
  haml (3.0.4) lib/sass/plugin/rack.rb:41:in `call'
  haml (3.0.4) lib/sass/plugin/rack.rb:41:in `call'
  <internal:prelude>:8:in `synchronize'
  /Users/cholubin/.rvm/rubies/ruby-1.9.1-p378/lib/ruby/1.9.1/webrick/httpserver.rb:111:in `service'
  /Users/cholubin/.rvm/rubies/ruby-1.9.1-p378/lib/ruby/1.9.1/webrick/httpserver.rb:70:in `run'
  /Users/cholubin/.rvm/rubies/ruby-1.9.1-p378/lib/ruby/1.9.1/webrick/server.rb:183:in `block in start_thread'

Rendered rescues/_trace (112.5ms)
Rendered rescues/_request_and_response (0.3ms)
Rendering rescues/layout (internal_server_error)


Processing UsersController#new (for 127.0.0.1 at 2010-10-10 00:46:55) [GET]
Rendering template within layouts/ajax-load-page
Rendering users/user
Rendered users/_user_new (30.0ms)
Completed in 68ms (View: 65 | 200 OK [http://localhost/users/new]


Processing SessionsController#create (for 127.0.0.1 at 2010-10-10 00:47:10) [POST]
  Parameters: {"authenticity_token"=>"Mgymooc2Z/HOwKR9KrIFkJ/tx77YsgQ2yNsacE01I7U=", "session"=>{"uri"=>"", "userid"=>"cholubin", "password"=>"5972"}}

NoMethodError (undefined method `sign_in' for #<SessionsController:0x00000104eb01e8>):
  app/controllers/sessions_controller.rb:45:in `create'
  haml (3.0.4) lib/sass/plugin/rack.rb:41:in `call'
  haml (3.0.4) lib/sass/plugin/rack.rb:41:in `call'
  <internal:prelude>:8:in `synchronize'
  /Users/cholubin/.rvm/rubies/ruby-1.9.1-p378/lib/ruby/1.9.1/webrick/httpserver.rb:111:in `service'
  /Users/cholubin/.rvm/rubies/ruby-1.9.1-p378/lib/ruby/1.9.1/webrick/httpserver.rb:70:in `run'
  /Users/cholubin/.rvm/rubies/ruby-1.9.1-p378/lib/ruby/1.9.1/webrick/server.rb:183:in `block in start_thread'

Rendered rescues/_trace (105.7ms)
Rendered rescues/_request_and_response (0.4ms)
Rendering rescues/layout (internal_server_error)


Processing SessionsController#index (for 127.0.0.1 at 2010-10-10 00:50:28) [POST]
  Parameters: {"authenticity_token"=>"Mgymooc2Z/HOwKR9KrIFkJ/tx77YsgQ2yNsacE01I7U=", "session"=>{"uri"=>"", "userid"=>"cholubin", "password"=>"5972"}}
Rendering template within layouts/ajax-load-page
Rendering sessions/index

ActionView::TemplateError (You have a nil object when you didn't expect it!
You might have expected an instance of Array.
The error occurred while evaluating nil.each) on line #7 of app/views/sessions/index.html.erb:
4:   <tr>
5:   </tr>
6: 
7: <% @sessions.each do |session| %>
8:   <tr>
9:     <td><%= link_to 'Show', session %></td>
10:     <td><%= link_to 'Edit', edit_session_path(session) %></td>

    app/views/sessions/index.html.erb:7
    haml (3.0.4) lib/haml/helpers/action_view_mods.rb:13:in `render_with_haml'
    haml (3.0.4) lib/haml/helpers/action_view_mods.rb:13:in `render_with_haml'
    haml (3.0.4) lib/sass/plugin/rack.rb:41:in `call'
    haml (3.0.4) lib/sass/plugin/rack.rb:41:in `call'
    <internal:prelude>:8:in `synchronize'
    /Users/cholubin/.rvm/rubies/ruby-1.9.1-p378/lib/ruby/1.9.1/webrick/httpserver.rb:111:in `service'
    /Users/cholubin/.rvm/rubies/ruby-1.9.1-p378/lib/ruby/1.9.1/webrick/httpserver.rb:70:in `run'
    /Users/cholubin/.rvm/rubies/ruby-1.9.1-p378/lib/ruby/1.9.1/webrick/server.rb:183:in `block in start_thread'

Rendered rescues/_trace (133.7ms)
Rendered rescues/_request_and_response (0.4ms)
Rendering rescues/layout (internal_server_error)


Processing PagesController#home (for 127.0.0.1 at 2010-10-10 00:50:34) [GET]
Rendering template within layouts/application
Rendering pages/home
Rendered shared/_quickSection (2.9ms)
Rendered shared/_category (9.0ms)
Rendered pages/_main_content (2.1ms)
Rendered shared/_header (0.0ms)
Rendered shared/_footer (0.0ms)
Completed in 43ms (View: 40 | 200 OK [http://localhost/]


Processing TempsController#index (for 127.0.0.1 at 2010-10-10 00:50:36) [GET]

NoMethodError (undefined method `signed_in?' for #<TempsController:0x000001033247b0>):
  app/controllers/temps_controller.rb:37:in `index'
  haml (3.0.4) lib/sass/plugin/rack.rb:41:in `call'
  haml (3.0.4) lib/sass/plugin/rack.rb:41:in `call'
  <internal:prelude>:8:in `synchronize'
  /Users/cholubin/.rvm/rubies/ruby-1.9.1-p378/lib/ruby/1.9.1/webrick/httpserver.rb:111:in `service'
  /Users/cholubin/.rvm/rubies/ruby-1.9.1-p378/lib/ruby/1.9.1/webrick/httpserver.rb:70:in `run'
  /Users/cholubin/.rvm/rubies/ruby-1.9.1-p378/lib/ruby/1.9.1/webrick/server.rb:183:in `block in start_thread'

Rendered rescues/_trace (49.4ms)
Rendered rescues/_request_and_response (0.3ms)
Rendering rescues/layout (internal_server_error)


Processing MytemplatesController#index (for 127.0.0.1 at 2010-10-10 00:50:40) [GET]

NoMethodError (undefined method `authenticate_user!' for #<MytemplatesController:0x0000010206ca70>):
  haml (3.0.4) lib/sass/plugin/rack.rb:41:in `call'
  haml (3.0.4) lib/sass/plugin/rack.rb:41:in `call'
  <internal:prelude>:8:in `synchronize'
  /Users/cholubin/.rvm/rubies/ruby-1.9.1-p378/lib/ruby/1.9.1/webrick/httpserver.rb:111:in `service'
  /Users/cholubin/.rvm/rubies/ruby-1.9.1-p378/lib/ruby/1.9.1/webrick/httpserver.rb:70:in `run'
  /Users/cholubin/.rvm/rubies/ruby-1.9.1-p378/lib/ruby/1.9.1/webrick/server.rb:183:in `block in start_thread'

Rendered rescues/_trace (54.2ms)
Rendered rescues/_request_and_response (0.3ms)
Rendering rescues/layout (internal_server_error)
/!\ FAILSAFE /!\  2010-10-10 00:51:27 +0900
  Status: 500 Internal Server Error
  Expected /Users/cholubin/development/mybanner/app/controllers/application_controller.rb to define ApplicationController
    /Users/cholubin/.rvm/gems/ruby-1.9.1-p378/gems/activesupport-2.3.5/lib/active_support/dependencies.rb:426:in `load_missing_constant'
    /Users/cholubin/.rvm/gems/ruby-1.9.1-p378/gems/activesupport-2.3.5/lib/active_support/dependencies.rb:80:in `const_missing_with_dependencies'
    /Users/cholubin/.rvm/gems/ruby-1.9.1-p378/gems/activesupport-2.3.5/lib/active_support/dependencies.rb:92:in `const_missing'
    /Users/cholubin/.rvm/gems/ruby-1.9.1-p378/gems/actionpack-2.3.5/lib/action_controller/dispatcher.rb:89:in `rescue in dispatch'
    /Users/cholubin/.rvm/gems/ruby-1.9.1-p378/gems/actionpack-2.3.5/lib/action_controller/dispatcher.rb:96:in `dispatch'
    /Users/cholubin/.rvm/gems/ruby-1.9.1-p378/gems/actionpack-2.3.5/lib/action_controller/dispatcher.rb:121:in `_call'
    /Users/cholubin/.rvm/gems/ruby-1.9.1-p378/gems/actionpack-2.3.5/lib/action_controller/dispatcher.rb:130:in `block in build_middleware_stack'
    /Users/cholubin/.rvm/gems/ruby-1.9.1-p378/gems/haml-3.0.4/lib/sass/plugin/rack.rb:41:in `call'
    /Users/cholubin/.rvm/gems/ruby-1.9.1-p378/gems/haml-3.0.4/lib/sass/plugin/rack.rb:41:in `call'
    /Users/cholubin/.rvm/gems/ruby-1.9.1-p378/gems/actionpack-2.3.5/lib/action_controller/string_coercion.rb:25:in `call'
    /Users/cholubin/.rvm/gems/ruby-1.9.1-p378/gems/rack-1.0.1/lib/rack/head.rb:9:in `call'
    /Users/cholubin/.rvm/gems/ruby-1.9.1-p378/gems/rack-1.0.1/lib/rack/methodoverride.rb:24:in `call'
    /Users/cholubin/.rvm/gems/ruby-1.9.1-p378/gems/actionpack-2.3.5/lib/action_controller/params_parser.rb:15:in `call'
    /Users/cholubin/.rvm/gems/ruby-1.9.1-p378/gems/actionpack-2.3.5/lib/action_controller/session/cookie_store.rb:93:in `call'
    /Users/cholubin/.rvm/gems/ruby-1.9.1-p378/gems/actionpack-2.3.5/lib/action_controller/failsafe.rb:26:in `call'
    /Users/cholubin/.rvm/gems/ruby-1.9.1-p378/gems/rack-1.0.1/lib/rack/lock.rb:11:in `block in call'
    <internal:prelude>:8:in `synchronize'
    /Users/cholubin/.rvm/gems/ruby-1.9.1-p378/gems/rack-1.0.1/lib/rack/lock.rb:11:in `call'
    /Users/cholubin/.rvm/gems/ruby-1.9.1-p378/gems/actionpack-2.3.5/lib/action_controller/dispatcher.rb:114:in `block in call'
    /Users/cholubin/.rvm/gems/ruby-1.9.1-p378/gems/actionpack-2.3.5/lib/action_controller/reloader.rb:34:in `run'
    /Users/cholubin/.rvm/gems/ruby-1.9.1-p378/gems/actionpack-2.3.5/lib/action_controller/dispatcher.rb:108:in `call'
    /Users/cholubin/.rvm/gems/ruby-1.9.1-p378/gems/rails-2.3.5/lib/rails/rack/static.rb:31:in `call'
    /Users/cholubin/.rvm/gems/ruby-1.9.1-p378/gems/rack-1.0.1/lib/rack/urlmap.rb:46:in `block in call'
    /Users/cholubin/.rvm/gems/ruby-1.9.1-p378/gems/rack-1.0.1/lib/rack/urlmap.rb:40:in `each'
    /Users/cholubin/.rvm/gems/ruby-1.9.1-p378/gems/rack-1.0.1/lib/rack/urlmap.rb:40:in `call'
    /Users/cholubin/.rvm/gems/ruby-1.9.1-p378/gems/rails-2.3.5/lib/rails/rack/log_tailer.rb:17:in `call'
    /Users/cholubin/.rvm/gems/ruby-1.9.1-p378/gems/rack-1.0.1/lib/rack/content_length.rb:13:in `call'
    /Users/cholubin/.rvm/gems/ruby-1.9.1-p378/gems/rack-1.0.1/lib/rack/handler/webrick.rb:50:in `service'
    /Users/cholubin/.rvm/rubies/ruby-1.9.1-p378/lib/ruby/1.9.1/webrick/httpserver.rb:111:in `service'
    /Users/cholubin/.rvm/rubies/ruby-1.9.1-p378/lib/ruby/1.9.1/webrick/httpserver.rb:70:in `run'
    /Users/cholubin/.rvm/rubies/ruby-1.9.1-p378/lib/ruby/1.9.1/webrick/server.rb:183:in `block in start_thread'
/!\ FAILSAFE /!\  2010-10-10 00:51:28 +0900
  Status: 500 Internal Server Error
  Expected /Users/cholubin/development/mybanner/app/controllers/application_controller.rb to define ApplicationController
    /Users/cholubin/.rvm/gems/ruby-1.9.1-p378/gems/activesupport-2.3.5/lib/active_support/dependencies.rb:426:in `load_missing_constant'
    /Users/cholubin/.rvm/gems/ruby-1.9.1-p378/gems/activesupport-2.3.5/lib/active_support/dependencies.rb:80:in `const_missing_with_dependencies'
    /Users/cholubin/.rvm/gems/ruby-1.9.1-p378/gems/activesupport-2.3.5/lib/active_support/dependencies.rb:92:in `const_missing'
    /Users/cholubin/.rvm/gems/ruby-1.9.1-p378/gems/actionpack-2.3.5/lib/action_controller/dispatcher.rb:89:in `rescue in dispatch'
    /Users/cholubin/.rvm/gems/ruby-1.9.1-p378/gems/actionpack-2.3.5/lib/action_controller/dispatcher.rb:96:in `dispatch'
    /Users/cholubin/.rvm/gems/ruby-1.9.1-p378/gems/actionpack-2.3.5/lib/action_controller/dispatcher.rb:121:in `_call'
    /Users/cholubin/.rvm/gems/ruby-1.9.1-p378/gems/actionpack-2.3.5/lib/action_controller/dispatcher.rb:130:in `block in build_middleware_stack'
    /Users/cholubin/.rvm/gems/ruby-1.9.1-p378/gems/haml-3.0.4/lib/sass/plugin/rack.rb:41:in `call'
    /Users/cholubin/.rvm/gems/ruby-1.9.1-p378/gems/haml-3.0.4/lib/sass/plugin/rack.rb:41:in `call'
    /Users/cholubin/.rvm/gems/ruby-1.9.1-p378/gems/actionpack-2.3.5/lib/action_controller/string_coercion.rb:25:in `call'
    /Users/cholubin/.rvm/gems/ruby-1.9.1-p378/gems/rack-1.0.1/lib/rack/head.rb:9:in `call'
    /Users/cholubin/.rvm/gems/ruby-1.9.1-p378/gems/rack-1.0.1/lib/rack/methodoverride.rb:24:in `call'
    /Users/cholubin/.rvm/gems/ruby-1.9.1-p378/gems/actionpack-2.3.5/lib/action_controller/params_parser.rb:15:in `call'
    /Users/cholubin/.rvm/gems/ruby-1.9.1-p378/gems/actionpack-2.3.5/lib/action_controller/session/cookie_store.rb:93:in `call'
    /Users/cholubin/.rvm/gems/ruby-1.9.1-p378/gems/actionpack-2.3.5/lib/action_controller/failsafe.rb:26:in `call'
    /Users/cholubin/.rvm/gems/ruby-1.9.1-p378/gems/rack-1.0.1/lib/rack/lock.rb:11:in `block in call'
    <internal:prelude>:8:in `synchronize'
    /Users/cholubin/.rvm/gems/ruby-1.9.1-p378/gems/rack-1.0.1/lib/rack/lock.rb:11:in `call'
    /Users/cholubin/.rvm/gems/ruby-1.9.1-p378/gems/actionpack-2.3.5/lib/action_controller/dispatcher.rb:114:in `block in call'
    /Users/cholubin/.rvm/gems/ruby-1.9.1-p378/gems/actionpack-2.3.5/lib/action_controller/reloader.rb:34:in `run'
    /Users/cholubin/.rvm/gems/ruby-1.9.1-p378/gems/actionpack-2.3.5/lib/action_controller/dispatcher.rb:108:in `call'
    /Users/cholubin/.rvm/gems/ruby-1.9.1-p378/gems/rails-2.3.5/lib/rails/rack/static.rb:31:in `call'
    /Users/cholubin/.rvm/gems/ruby-1.9.1-p378/gems/rack-1.0.1/lib/rack/urlmap.rb:46:in `block in call'
    /Users/cholubin/.rvm/gems/ruby-1.9.1-p378/gems/rack-1.0.1/lib/rack/urlmap.rb:40:in `each'
    /Users/cholubin/.rvm/gems/ruby-1.9.1-p378/gems/rack-1.0.1/lib/rack/urlmap.rb:40:in `call'
    /Users/cholubin/.rvm/gems/ruby-1.9.1-p378/gems/rails-2.3.5/lib/rails/rack/log_tailer.rb:17:in `call'
    /Users/cholubin/.rvm/gems/ruby-1.9.1-p378/gems/rack-1.0.1/lib/rack/content_length.rb:13:in `call'
    /Users/cholubin/.rvm/gems/ruby-1.9.1-p378/gems/rack-1.0.1/lib/rack/handler/webrick.rb:50:in `service'
    /Users/cholubin/.rvm/rubies/ruby-1.9.1-p378/lib/ruby/1.9.1/webrick/httpserver.rb:111:in `service'
    /Users/cholubin/.rvm/rubies/ruby-1.9.1-p378/lib/ruby/1.9.1/webrick/httpserver.rb:70:in `run'
    /Users/cholubin/.rvm/rubies/ruby-1.9.1-p378/lib/ruby/1.9.1/webrick/server.rb:183:in `block in start_thread'


Processing PagesController#home (for 127.0.0.1 at 2010-10-10 00:52:04) [GET]
Rendering template within layouts/application
Rendering pages/home
Rendered shared/_quickSection (187.7ms)
Rendered shared/_category (9.8ms)
Rendered pages/_main_content (2.8ms)
Rendered shared/_header (0.7ms)
Rendered shared/_footer (0.7ms)
Completed in 1573ms (View: 263 | 200 OK [http://localhost/]


Processing TempsController#index (for 127.0.0.1 at 2010-10-10 00:52:11) [GET]
  Parameters: {"category_name"=>"64", "subcategory_name"=>"84"}

NoMethodError (undefined method `signed_in?' for #<TempsController:0x00000105555d10>):
  app/controllers/temps_controller.rb:37:in `index'
  haml (3.0.4) lib/sass/plugin/rack.rb:41:in `call'
  haml (3.0.4) lib/sass/plugin/rack.rb:41:in `call'
  <internal:prelude>:8:in `synchronize'
  /Users/cholubin/.rvm/rubies/ruby-1.9.1-p378/lib/ruby/1.9.1/webrick/httpserver.rb:111:in `service'
  /Users/cholubin/.rvm/rubies/ruby-1.9.1-p378/lib/ruby/1.9.1/webrick/httpserver.rb:70:in `run'
  /Users/cholubin/.rvm/rubies/ruby-1.9.1-p378/lib/ruby/1.9.1/webrick/server.rb:183:in `block in start_thread'

Rendered rescues/_trace (124.4ms)
Rendered rescues/_request_and_response (1.2ms)
Rendering rescues/layout (internal_server_error)


Processing TempsController#index (for 127.0.0.1 at 2010-10-10 00:53:28) [GET]
  Parameters: {"category_name"=>"64", "subcategory_name"=>"84"}

NoMethodError (undefined method `signed_in?' for #<TempsController:0x00000102439840>):
  app/controllers/temps_controller.rb:37:in `index'
  haml (3.0.4) lib/sass/plugin/rack.rb:41:in `call'
  haml (3.0.4) lib/sass/plugin/rack.rb:41:in `call'
  <internal:prelude>:8:in `synchronize'
  /Users/cholubin/.rvm/rubies/ruby-1.9.1-p378/lib/ruby/1.9.1/webrick/httpserver.rb:111:in `service'
  /Users/cholubin/.rvm/rubies/ruby-1.9.1-p378/lib/ruby/1.9.1/webrick/httpserver.rb:70:in `run'
  /Users/cholubin/.rvm/rubies/ruby-1.9.1-p378/lib/ruby/1.9.1/webrick/server.rb:183:in `block in start_thread'

Rendered rescues/_trace (51.0ms)
Rendered rescues/_request_and_response (1.3ms)
Rendering rescues/layout (internal_server_error)


Processing TempsController#index (for 127.0.0.1 at 2010-10-10 00:55:37) [GET]
  Parameters: {"category_name"=>"64", "subcategory_name"=>"84"}
Rendering template within layouts/application
Rendering temps/temp
Rendered shared/_quickSection (126.6ms)
Rendered shared/_category (11.5ms)
Rendered temps/_temp_index (27.3ms)
Rendered shared/_header (0.7ms)
Rendered shared/_footer (0.8ms)
Completed in 664ms (View: 270 | 200 OK [http://localhost/temps?category_name=64&subcategory_name=84]


Processing TempsController#index (for 127.0.0.1 at 2010-10-10 00:55:42) [GET]
  Parameters: {"category_name"=>"64", "subcategory_name"=>"84"}
Rendering template within layouts/application
Rendering temps/temp
Rendered shared/_quickSection (0.5ms)
Rendered shared/_category (8.3ms)
Rendered temps/_temp_index (2.9ms)
Rendered shared/_header (0.0ms)
Rendered shared/_footer (0.0ms)
Completed in 15ms (View: 14 | 200 OK [http://localhost/temps?category_name=64&subcategory_name=84]


Processing TempsController#index (for 127.0.0.1 at 2010-10-10 00:55:46) [GET]
  Parameters: {"category_name"=>"64", "subcategory_name"=>"88"}
Rendering template within layouts/application
Rendering temps/temp
Rendered shared/_quickSection (0.5ms)
Rendered shared/_category (8.8ms)
Rendered temps/_temp_index (2.5ms)
Rendered shared/_header (0.1ms)
Rendered shared/_footer (0.0ms)
Completed in 15ms (View: 14 | 200 OK [http://localhost/temps?category_name=64&subcategory_name=88]


Processing SessionsController#index (for 127.0.0.1 at 2010-10-10 00:55:52) [POST]
  Parameters: {"authenticity_token"=>"t9ihuKqv9g9xv1NCsnenEwTun0xhnQSpxsjXc0LEQgI=", "session"=>{"uri"=>"", "userid"=>"cholubin", "password"=>"5972"}}
Rendering template within layouts/ajax-load-page
Rendering sessions/index

ActionView::TemplateError (You have a nil object when you didn't expect it!
You might have expected an instance of Array.
The error occurred while evaluating nil.each) on line #7 of app/views/sessions/index.html.erb:
4:   <tr>
5:   </tr>
6: 
7: <% @sessions.each do |session| %>
8:   <tr>
9:     <td><%= link_to 'Show', session %></td>
10:     <td><%= link_to 'Edit', edit_session_path(session) %></td>

    app/views/sessions/index.html.erb:7
    haml (3.0.4) lib/haml/helpers/action_view_mods.rb:13:in `render_with_haml'
    haml (3.0.4) lib/haml/helpers/action_view_mods.rb:13:in `render_with_haml'
    haml (3.0.4) lib/sass/plugin/rack.rb:41:in `call'
    haml (3.0.4) lib/sass/plugin/rack.rb:41:in `call'
    <internal:prelude>:8:in `synchronize'
    /Users/cholubin/.rvm/rubies/ruby-1.9.1-p378/lib/ruby/1.9.1/webrick/httpserver.rb:111:in `service'
    /Users/cholubin/.rvm/rubies/ruby-1.9.1-p378/lib/ruby/1.9.1/webrick/httpserver.rb:70:in `run'
    /Users/cholubin/.rvm/rubies/ruby-1.9.1-p378/lib/ruby/1.9.1/webrick/server.rb:183:in `block in start_thread'

Rendered rescues/_trace (69.2ms)
Rendered rescues/_request_and_response (1.3ms)
Rendering rescues/layout (internal_server_error)


Processing MytemplatesController#index (for 127.0.0.1 at 2010-10-10 00:56:25) [GET]
Redirected to http://localhost:3000/login
Filter chain halted as [:authenticate_user!] rendered_or_redirected.
Completed in 0ms | 302 Found [http://localhost/mytemplates]


Processing SessionsController#new (for 127.0.0.1 at 2010-10-10 00:56:25) [GET]
Rendering template within layouts/ajax-load-page
Rendering sessions/session
Rendered sessions/_session_new (1.5ms)
Completed in 21ms (View: 21 | 200 OK [http://localhost/login]


Processing TempsController#index (for 127.0.0.1 at 2010-10-10 00:56:29) [GET]
Rendering template within layouts/application
Rendering temps/temp
Rendered shared/_quickSection (0.5ms)
Rendered shared/_category (8.2ms)
Rendered temps/_temp_index (1.4ms)
Rendered shared/_header (0.0ms)
Rendered shared/_footer (0.1ms)
Completed in 36ms (View: 34 | 200 OK [http://localhost/temps]


Processing TempsController#index (for 127.0.0.1 at 2010-10-10 00:56:30) [GET]
  Parameters: {"category_name"=>"64", "subcategory_name"=>"88"}
Rendering template within layouts/application
Rendering temps/temp
Rendered shared/_quickSection (0.5ms)
Rendered shared/_category (8.7ms)
Rendered temps/_temp_index (2.8ms)
Rendered shared/_header (0.1ms)
Rendered shared/_footer (0.0ms)
Completed in 16ms (View: 14 | 200 OK [http://localhost/temps?category_name=64&subcategory_name=88]


Processing TempsController#index (for 127.0.0.1 at 2010-10-10 00:56:31) [GET]
  Parameters: {"category_name"=>"64", "subcategory_name"=>"84"}
Rendering template within layouts/application
Rendering temps/temp
Rendered shared/_quickSection (0.5ms)
Rendered shared/_category (8.6ms)
Rendered temps/_temp_index (2.5ms)
Rendered shared/_header (0.0ms)
Rendered shared/_footer (0.0ms)
Completed in 15ms (View: 14 | 200 OK [http://localhost/temps?category_name=64&subcategory_name=84]


Processing TempsController#index (for 127.0.0.1 at 2010-10-10 00:56:33) [GET]
  Parameters: {"category_name"=>"64", "subcategory_name"=>"88"}
Rendering template within layouts/application
Rendering temps/temp
Rendered shared/_quickSection (0.6ms)
Rendered shared/_category (9.3ms)
Rendered temps/_temp_index (3.4ms)
Rendered shared/_header (0.1ms)
Rendered shared/_footer (0.0ms)
Completed in 17ms (View: 16 | 200 OK [http://localhost/temps?category_name=64&subcategory_name=88]


Processing TempsController#index (for 127.0.0.1 at 2010-10-10 00:56:35) [GET]
  Parameters: {"category_name"=>"64", "subcategory_name"=>"84"}
Rendering template within layouts/application
Rendering temps/temp
Rendered shared/_quickSection (0.5ms)
Rendered shared/_category (75.1ms)
Rendered temps/_temp_index (2.9ms)
Rendered shared/_header (0.1ms)
Rendered shared/_footer (0.0ms)
Completed in 82ms (View: 81 | 200 OK [http://localhost/temps?category_name=64&subcategory_name=84]


Processing TempsController#index (for 127.0.0.1 at 2010-10-10 00:56:37) [GET]
  Parameters: {"category_name"=>"69"}
Rendering template within layouts/application
Rendering temps/temp
Rendered shared/_quickSection (0.5ms)
Rendered shared/_category (8.6ms)
Rendered temps/_temp_index (1.9ms)
Rendered shared/_header (0.1ms)
Rendered shared/_footer (0.0ms)
Completed in 14ms (View: 13 | 200 OK [http://localhost/temps?category_name=69]


Processing TempsController#index (for 127.0.0.1 at 2010-10-10 00:57:21) [GET]
  Parameters: {"category_name"=>"64", "subcategory_name"=>"84"}
Rendering template within layouts/application
Rendering temps/temp
Rendered shared/_quickSection (0.5ms)
Rendered shared/_category (8.3ms)
Rendered temps/_temp_index (2.4ms)
Rendered shared/_header (0.0ms)
Rendered shared/_footer (0.0ms)
Completed in 14ms (View: 13 | 200 OK [http://localhost/temps?category_name=64&subcategory_name=84]


Processing TempsController#index (for 127.0.0.1 at 2010-10-10 00:57:23) [GET]
  Parameters: {"category_name"=>"64", "subcategory_name"=>"88"}
Rendering template within layouts/application
Rendering temps/temp
Rendered shared/_quickSection (0.5ms)
Rendered shared/_category (9.1ms)
Rendered temps/_temp_index (2.7ms)
Rendered shared/_header (0.1ms)
Rendered shared/_footer (0.0ms)
Completed in 16ms (View: 15 | 200 OK [http://localhost/temps?category_name=64&subcategory_name=88]


Processing MyordersController#index (for 127.0.0.1 at 2010-10-10 00:57:37) [GET]
Redirected to http://localhost:3000/login
Filter chain halted as [:authenticate_user!] rendered_or_redirected.
Completed in 0ms | 302 Found [http://localhost/myorders]


Processing SessionsController#new (for 127.0.0.1 at 2010-10-10 00:57:37) [GET]
Rendering template within layouts/ajax-load-page
Rendering sessions/session
Rendered sessions/_session_new (0.5ms)
Completed in 2ms (View: 2 | 200 OK [http://localhost/login]


Processing MytemplatesController#index (for 127.0.0.1 at 2010-10-10 00:57:39) [GET]
Redirected to http://localhost:3000/login
Filter chain halted as [:authenticate_user!] rendered_or_redirected.
Completed in 0ms | 302 Found [http://localhost/mytemplates]


Processing SessionsController#new (for 127.0.0.1 at 2010-10-10 00:57:39) [GET]
Rendering template within layouts/ajax-load-page
Rendering sessions/session
Rendered sessions/_session_new (0.5ms)
Completed in 2ms (View: 2 | 200 OK [http://localhost/login]


Processing TempsController#index (for 127.0.0.1 at 2010-10-10 00:57:42) [GET]
Rendering template within layouts/application
Rendering temps/temp
Rendered shared/_quickSection (0.5ms)
Rendered shared/_category (8.6ms)
Rendered temps/_temp_index (1.0ms)
Rendered shared/_header (0.0ms)
Rendered shared/_footer (0.0ms)
Completed in 13ms (View: 12 | 200 OK [http://localhost/temps]


Processing ApplicationController#index (for 127.0.0.1 at 2010-10-10 00:57:48) [GET]

ActionController::RoutingError (No route matches "/admiin" with {:method=>:get}):
  haml (3.0.4) lib/sass/plugin/rack.rb:41:in `call'
  haml (3.0.4) lib/sass/plugin/rack.rb:41:in `call'
  <internal:prelude>:8:in `synchronize'
  /Users/cholubin/.rvm/rubies/ruby-1.9.1-p378/lib/ruby/1.9.1/webrick/httpserver.rb:111:in `service'
  /Users/cholubin/.rvm/rubies/ruby-1.9.1-p378/lib/ruby/1.9.1/webrick/httpserver.rb:70:in `run'
  /Users/cholubin/.rvm/rubies/ruby-1.9.1-p378/lib/ruby/1.9.1/webrick/server.rb:183:in `block in start_thread'

Rendering rescues/layout (not_found)


Processing AdminController#index (for 127.0.0.1 at 2010-10-10 00:57:56) [GET]

ActionController::UnknownAction (No action responded to index. Actions: ):
  haml (3.0.4) lib/sass/plugin/rack.rb:41:in `call'
  haml (3.0.4) lib/sass/plugin/rack.rb:41:in `call'
  <internal:prelude>:8:in `synchronize'
  /Users/cholubin/.rvm/rubies/ruby-1.9.1-p378/lib/ruby/1.9.1/webrick/httpserver.rb:111:in `service'
  /Users/cholubin/.rvm/rubies/ruby-1.9.1-p378/lib/ruby/1.9.1/webrick/httpserver.rb:70:in `run'
  /Users/cholubin/.rvm/rubies/ruby-1.9.1-p378/lib/ruby/1.9.1/webrick/server.rb:183:in `block in start_thread'

Rendering rescues/layout (not_found)


Processing Admin::TempsController#index (for 127.0.0.1 at 2010-10-10 00:59:19) [GET]
Rendering template within layouts/admin_layout
Rendering admin/temps/temp
Rendered admin/shared/_login (1.1ms)
Rendered admin/shared/_top_menu (21.8ms)
Rendered admin/temps/_sub_menu (1.5ms)
Rendered admin/temps/_temp_index (21.2ms)
Rendered shared/_footer (0.1ms)
Completed in 194ms (View: 187 | 200 OK [http://localhost/admin/temps]


Processing AdminController#login (for 127.0.0.1 at 2010-10-10 00:59:19) [GET]

ActionController::UnknownAction (No action responded to login. Actions: ):
  haml (3.0.4) lib/sass/plugin/rack.rb:41:in `call'
  haml (3.0.4) lib/sass/plugin/rack.rb:41:in `call'
  <internal:prelude>:8:in `synchronize'
  /Users/cholubin/.rvm/rubies/ruby-1.9.1-p378/lib/ruby/1.9.1/webrick/httpserver.rb:111:in `service'
  /Users/cholubin/.rvm/rubies/ruby-1.9.1-p378/lib/ruby/1.9.1/webrick/httpserver.rb:70:in `run'
  /Users/cholubin/.rvm/rubies/ruby-1.9.1-p378/lib/ruby/1.9.1/webrick/server.rb:183:in `block in start_thread'

Rendering rescues/layout (not_found)


Processing TempsController#index (for 127.0.0.1 at 2010-10-10 01:35:51) [GET]
Rendering template within layouts/application
Rendering temps/temp
Rendered shared/_quickSection (1.6ms)
Rendered shared/_category (10.0ms)
Rendered temps/_temp_index (10.7ms)
Rendered shared/_header (0.8ms)
Rendered shared/_footer (0.7ms)
Completed in 1359ms (View: 90 | 200 OK [http://localhost/temps]


Processing TempsController#index (for 127.0.0.1 at 2010-10-10 01:35:55) [GET]
  Parameters: {"category_name"=>"64", "subcategory_name"=>"84"}
Rendering template within layouts/application
Rendering temps/temp
Rendered shared/_quickSection (0.1ms)
Rendered shared/_category (11.1ms)
Rendered temps/_temp_index (3.8ms)
Rendered shared/_header (0.1ms)
Rendered shared/_footer (0.1ms)
Completed in 26ms (View: 18 | 200 OK [http://localhost/temps?category_name=64&subcategory_name=84]


Processing TempsController#index (for 127.0.0.1 at 2010-10-10 01:35:56) [GET]
  Parameters: {"category_name"=>"64", "subcategory_name"=>"88"}
Rendering template within layouts/application
Rendering temps/temp
Rendered shared/_quickSection (0.1ms)
Rendered shared/_category (7.8ms)
Rendered temps/_temp_index (1.8ms)
Rendered shared/_header (0.0ms)
Rendered shared/_footer (0.0ms)
Completed in 20ms (View: 12 | 200 OK [http://localhost/temps?category_name=64&subcategory_name=88]


Processing TempsController#index (for 127.0.0.1 at 2010-10-10 01:35:57) [GET]
  Parameters: {"category_name"=>"64", "subcategory_name"=>"84"}
Rendering template within layouts/application
Rendering temps/temp
Rendered shared/_quickSection (0.1ms)
Rendered shared/_category (8.5ms)
Rendered temps/_temp_index (1.9ms)
Rendered shared/_header (0.1ms)
Rendered shared/_footer (0.0ms)
Completed in 21ms (View: 13 | 200 OK [http://localhost/temps?category_name=64&subcategory_name=84]


Processing TempsController#index (for 127.0.0.1 at 2010-10-10 01:35:58) [GET]
  Parameters: {"category_name"=>"69"}
Rendering template within layouts/application
Rendering temps/temp
Rendered shared/_quickSection (0.1ms)
Rendered shared/_category (8.1ms)
Rendered temps/_temp_index (1.2ms)
Rendered shared/_header (0.0ms)
Rendered shared/_footer (0.0ms)
Completed in 19ms (View: 12 | 200 OK [http://localhost/temps?category_name=69]


Processing TempsController#index (for 127.0.0.1 at 2010-10-10 01:35:59) [GET]
  Parameters: {"category_name"=>"70"}
Rendering template within layouts/application
Rendering temps/temp
Rendered shared/_quickSection (0.1ms)
Rendered shared/_category (7.6ms)
Rendered temps/_temp_index (1.1ms)
Rendered shared/_header (0.0ms)
Rendered shared/_footer (0.0ms)
Completed in 18ms (View: 11 | 200 OK [http://localhost/temps?category_name=70]


Processing MytemplatesController#index (for 127.0.0.1 at 2010-10-10 01:36:01) [GET]
Rendering template within layouts/application
Rendering mytemplates/mytemplate
Rendered shared/_logo (0.5ms)
Rendered shared/_login (34.7ms)
Rendered shared/_menu (1.4ms)
Rendered mytemplates/_leftsidebar (0.8ms)
Rendered mytemplates/_mytemplate_index (39.3ms)
Rendered shared/_footer (0.1ms)
Rendered shared/_header (0.1ms)
Rendered shared/_footer (0.0ms)
Completed in 286ms (View: 199 | 200 OK [http://localhost/mytemplates]


Processing TempsController#index (for 127.0.0.1 at 2010-10-10 01:36:02) [GET]
Rendering template within layouts/application
Rendering temps/temp
Rendered shared/_quickSection (0.1ms)
Rendered shared/_category (7.7ms)
Rendered temps/_temp_index (0.4ms)
Rendered shared/_header (0.1ms)
Rendered shared/_footer (0.1ms)
Completed in 19ms (View: 11 | 200 OK [http://localhost/temps]


Processing TempsController#index (for 127.0.0.1 at 2010-10-10 01:36:03) [GET]
  Parameters: {"category_name"=>"", "subcategory_name"=>"", "dir"=>"col"}
Rendering template within layouts/application
Rendering temps/temp
Rendered shared/_quickSection (0.1ms)
Rendered shared/_category (7.9ms)
Rendered temps/_temp_index (0.4ms)
Rendered shared/_header (0.1ms)
Rendered shared/_footer (0.0ms)
Completed in 19ms (View: 11 | 200 OK [http://localhost/temps?category_name=&subcategory_name=&dir=col]


Processing TempsController#index (for 127.0.0.1 at 2010-10-10 01:36:06) [GET]
  Parameters: {"category_name"=>"64", "subcategory_name"=>"88"}
Rendering template within layouts/application
Rendering temps/temp
Rendered shared/_quickSection (0.1ms)
Rendered shared/_category (8.7ms)
Rendered temps/_temp_index (1.8ms)
Rendered shared/_header (0.1ms)
Rendered shared/_footer (0.0ms)
Completed in 21ms (View: 13 | 200 OK [http://localhost/temps?category_name=64&subcategory_name=88]


Processing TempsController#index (for 127.0.0.1 at 2010-10-10 01:36:07) [GET]
  Parameters: {"category_name"=>"64", "subcategory_name"=>"84"}
Rendering template within layouts/application
Rendering temps/temp
Rendered shared/_quickSection (0.1ms)
Rendered shared/_category (7.8ms)
Rendered temps/_temp_index (1.8ms)
Rendered shared/_header (0.0ms)
Rendered shared/_footer (0.0ms)
Completed in 20ms (View: 12 | 200 OK [http://localhost/temps?category_name=64&subcategory_name=84]


Processing AdminsessionsController#new (for 127.0.0.1 at 2010-10-10 01:36:10) [GET]

NoMethodError (undefined method `admin_signed_in?' for #<AdminsessionsController:0x0000010171b0f8>):
  app/controllers/adminsessions_controller.rb:12:in `new'
  haml (3.0.4) lib/sass/plugin/rack.rb:41:in `call'
  haml (3.0.4) lib/sass/plugin/rack.rb:41:in `call'
  <internal:prelude>:8:in `synchronize'
  /Users/cholubin/.rvm/rubies/ruby-1.9.1-p378/lib/ruby/1.9.1/webrick/httpserver.rb:111:in `service'
  /Users/cholubin/.rvm/rubies/ruby-1.9.1-p378/lib/ruby/1.9.1/webrick/httpserver.rb:70:in `run'
  /Users/cholubin/.rvm/rubies/ruby-1.9.1-p378/lib/ruby/1.9.1/webrick/server.rb:183:in `block in start_thread'

Rendered rescues/_trace (48.7ms)
Rendered rescues/_request_and_response (1.2ms)
Rendering rescues/layout (internal_server_error)


Processing PagesController#home (for 127.0.0.1 at 2010-10-10 01:38:16) [GET]
Rendering template within layouts/application
Rendering pages/home
Rendered shared/_quickSection (1.4ms)
Rendered shared/_category (7.7ms)
Rendered pages/_main_content (2.9ms)
Rendered shared/_header (0.1ms)
Rendered shared/_footer (0.0ms)
Completed in 309ms (View: 32 | 200 OK [http://localhost/]


Processing SessionsController#destroy (for 127.0.0.1 at 2010-10-10 01:38:18) [GET]
Redirected to http://localhost:3000/
Completed in 3ms | 302 Found [http://localhost/logout]


Processing PagesController#home (for 127.0.0.1 at 2010-10-10 01:38:18) [GET]
Rendering template within layouts/application
Rendering pages/home
Rendered shared/_quickSection (1.7ms)
Rendered shared/_category (7.9ms)
Rendered pages/_main_content (2.4ms)
Rendered shared/_header (0.1ms)
Rendered shared/_footer (0.0ms)
Completed in 17ms (View: 15 | 200 OK [http://localhost/]


Processing SessionsController#create (for 127.0.0.1 at 2010-10-10 01:38:24) [POST]
  Parameters: {"authenticity_token"=>"OtRAH3rDXQEEdnBj+2fHFe5upUkzyq6WfgqS3uYDyo8=", "session"=>{"uri"=>"", "userid"=>"cholubin", "password"=>"5972"}}
Redirected to http://localhost:3000/
Completed in 362ms | 302 Found [http://localhost/sessions]


Processing PagesController#home (for 127.0.0.1 at 2010-10-10 01:38:24) [GET]
Rendering template within layouts/application
Rendering pages/home
Rendered shared/_quickSection (1.2ms)
Rendered shared/_category (7.8ms)
Rendered pages/_main_content (2.0ms)
Rendered shared/_header (0.0ms)
Rendered shared/_footer (0.0ms)
Completed in 16ms (View: 13 | 200 OK [http://localhost/]


Processing TempsController#index (for 127.0.0.1 at 2010-10-10 01:38:27) [GET]
  Parameters: {"category_name"=>"64", "subcategory_name"=>"84"}
Rendering template within layouts/application
Rendering temps/temp
Rendered shared/_quickSection (0.1ms)
Rendered shared/_category (9.5ms)
Rendered temps/_temp_index (1.7ms)
Rendered shared/_header (0.0ms)
Rendered shared/_footer (0.0ms)
Completed in 59ms (View: 51 | 200 OK [http://localhost/temps?category_name=64&subcategory_name=84]


Processing TempsController#index (for 127.0.0.1 at 2010-10-10 01:38:30) [GET]
  Parameters: {"category_name"=>"64", "subcategory_name"=>"84"}
Rendering template within layouts/application
Rendering temps/temp
Rendered shared/_quickSection (0.1ms)
Rendered shared/_category (7.8ms)
Rendered temps/_temp_index (1.7ms)
Rendered shared/_header (0.0ms)
Rendered shared/_footer (0.1ms)
Completed in 20ms (View: 12 | 200 OK [http://localhost/temps?category_name=64&subcategory_name=84]


Processing TempsController#index (for 127.0.0.1 at 2010-10-10 01:38:31) [GET]
  Parameters: {"category_name"=>"64", "subcategory_name"=>"88"}
Rendering template within layouts/application
Rendering temps/temp
Rendered shared/_quickSection (0.1ms)
Rendered shared/_category (7.6ms)
Rendered temps/_temp_index (1.8ms)
Rendered shared/_header (0.0ms)
Rendered shared/_footer (0.0ms)
Completed in 19ms (View: 12 | 200 OK [http://localhost/temps?category_name=64&subcategory_name=88]
