# Logfile created on 2010-10-05 18:38:52 +0900

Processing PagesController#home (for 203.229.156.105 at 2010-10-05 18:41:45) [GET]
Rendering template within layouts/application
Rendering pages/home
Completed in 47ms (View: 43 | 200 OK [http://ssi.fooleaf.com/]


Processing PagesController#home (for 203.229.156.105 at 2010-10-05 18:41:45) [GET]
Rendering template within layouts/application
Rendering pages/home
Completed in 33ms (View: 33 | 200 OK [http://ssi.fooleaf.com/]


Processing PagesController#home (for 203.229.156.105 at 2010-10-05 18:41:51) [GET]
Rendering template within layouts/application
Rendering pages/home
Completed in 92ms (View: 92 | 200 OK [http://ssi.fooleaf.com/]


Processing PagesController#home (for 203.229.156.105 at 2010-10-05 18:41:52) [GET]
Rendering template within layouts/application
Rendering pages/home
Completed in 56ms (View: 56 | 200 OK [http://ssi.fooleaf.com/]


Processing SessionsController#destroy (for 203.229.156.105 at 2010-10-05 18:41:53) [GET]
Redirected to http://ssi.fooleaf.com:3000/
Completed in 5ms | 302 Found [http://ssi.fooleaf.com/logout]


Processing PagesController#home (for 203.229.156.105 at 2010-10-05 18:41:53) [GET]
Rendering template within layouts/application
Rendering pages/home
Completed in 83ms (View: 83 | 200 OK [http://ssi.fooleaf.com/]


Processing PagesController#home (for 203.229.156.105 at 2010-10-05 18:41:53) [GET]
Rendering template within layouts/application
Rendering pages/home
Completed in 35ms (View: 35 | 200 OK [http://ssi.fooleaf.com/]


Processing SessionsController#create (for 203.229.156.105 at 2010-10-05 18:41:56) [POST]
  Parameters: {"authenticity_token"=>"m6apWx9ebs7VTeawzI3/r4uh+AcADS5nftNC2tQK8fw=", "session"=>{"uri"=>"", "userid"=>"demo", "password"=>"demo"}}
Redirected to http://ssi.fooleaf.com:3000/
Completed in 189ms | 302 Found [http://ssi.fooleaf.com/sessions]


Processing PagesController#home (for 203.229.156.105 at 2010-10-05 18:41:56) [GET]
Rendering template within layouts/application
Rendering pages/home
Completed in 33ms (View: 33 | 200 OK [http://ssi.fooleaf.com/]


Processing PagesController#home (for 203.229.156.105 at 2010-10-05 18:41:56) [GET]
Rendering template within layouts/application
Rendering pages/home
Completed in 41ms (View: 41 | 200 OK [http://ssi.fooleaf.com/]


Processing SessionsController#destroy (for 203.229.156.105 at 2010-10-05 18:41:57) [GET]
Redirected to http://ssi.fooleaf.com:3000/
Completed in 1ms | 302 Found [http://ssi.fooleaf.com/logout]


Processing PagesController#home (for 203.229.156.105 at 2010-10-05 18:41:58) [GET]
Rendering template within layouts/application
Rendering pages/home
Completed in 35ms (View: 35 | 200 OK [http://ssi.fooleaf.com/]


Processing PagesController#home (for 203.229.156.105 at 2010-10-05 18:41:58) [GET]
Rendering template within layouts/application
Rendering pages/home
Completed in 36ms (View: 36 | 200 OK [http://ssi.fooleaf.com/]


Processing SessionsController#create (for 203.229.156.105 at 2010-10-05 18:42:01) [POST]
  Parameters: {"authenticity_token"=>"m6apWx9ebs7VTeawzI3/r4uh+AcADS5nftNC2tQK8fw=", "session"=>{"uri"=>"", "userid"=>"fooleaf", "password"=>"q2eq2qer"}}
Redirected to http://ssi.fooleaf.com:3000/
Completed in 16ms | 302 Found [http://ssi.fooleaf.com/sessions]


Processing PagesController#home (for 203.229.156.105 at 2010-10-05 18:42:01) [GET]
Rendering template within layouts/application
Rendering pages/home
Completed in 33ms (View: 33 | 200 OK [http://ssi.fooleaf.com/]


Processing PagesController#home (for 203.229.156.105 at 2010-10-05 18:42:01) [GET]
Rendering template within layouts/application
Rendering pages/home
Completed in 109ms (View: 108 | 200 OK [http://ssi.fooleaf.com/]


Processing SessionsController#destroy (for 203.229.156.105 at 2010-10-05 18:42:17) [GET]
Redirected to http://ssi.fooleaf.com:3000/
Completed in 1ms | 302 Found [http://ssi.fooleaf.com/logout]


Processing PagesController#home (for 203.229.156.105 at 2010-10-05 18:42:18) [GET]
Rendering template within layouts/application
Rendering pages/home
Completed in 37ms (View: 37 | 200 OK [http://ssi.fooleaf.com/]


Processing PagesController#home (for 203.229.156.105 at 2010-10-05 18:42:18) [GET]
Rendering template within layouts/application
Rendering pages/home
Completed in 36ms (View: 36 | 200 OK [http://ssi.fooleaf.com/]


Processing PagesController#home (for 203.229.156.105 at 2010-10-05 18:43:25) [GET]
Rendering template within layouts/application
Rendering pages/home
Completed in 36ms (View: 36 | 200 OK [http://ssi.fooleaf.com/]


Processing PagesController#home (for 203.229.156.105 at 2010-10-05 18:43:25) [GET]
Rendering template within layouts/application
Rendering pages/home
Completed in 51ms (View: 51 | 200 OK [http://ssi.fooleaf.com/]


Processing TempsController#index (for 203.229.156.105 at 2010-10-05 18:43:34) [GET]
  Parameters: {"category_name"=>"1", "subcategory_name"=>"1"}
Rendering template within layouts/application
Rendering temps/temp

ActionView::TemplateError (Missing template /shared/_logo.erb in view path app/views) on line #4 of app/views/temps/temp.html.erb:
1: <div id="wrapper_bg">
2: 	<div id="top_section">
3: 		<!-- 로고 =================================================================================-->
4: 		<%= render :partial => "/shared/logo" %>	
5: 		<!-- 로고 =================================================================================-->
6: 
7: 		<!-- 로그인 및 서치바 =================================================================================-->

    haml (3.0.4) lib/haml/helpers/action_view_mods.rb:13:in `render_with_haml'
    app/views/temps/temp.html.erb:4
    haml (3.0.4) lib/haml/helpers/action_view_mods.rb:13:in `render_with_haml'
    haml (3.0.4) lib/haml/helpers/action_view_mods.rb:13:in `render_with_haml'
    app/controllers/temps_controller.rb:68:in `index'
    haml (3.0.4) lib/sass/plugin/rack.rb:41:in `call'
    haml (3.0.4) lib/sass/plugin/rack.rb:41:in `call'
    <internal:prelude>:8:in `synchronize'
    /Users/fooleaf/.rvm/rubies/ruby-1.9.1-p378/lib/ruby/1.9.1/webrick/httpserver.rb:111:in `service'
    /Users/fooleaf/.rvm/rubies/ruby-1.9.1-p378/lib/ruby/1.9.1/webrick/httpserver.rb:70:in `run'
    /Users/fooleaf/.rvm/rubies/ruby-1.9.1-p378/lib/ruby/1.9.1/webrick/server.rb:183:in `block in start_thread'

Rendering /Users/fooleaf/dev/webtop/public/500.html (500 Internal Server Error)


Processing ApplicationController#index (for 203.229.156.105 at 2010-10-05 18:43:37) [GET]

ActionController::RoutingError (No route matches "/carts" with {:method=>:get}):
  haml (3.0.4) lib/sass/plugin/rack.rb:41:in `call'
  haml (3.0.4) lib/sass/plugin/rack.rb:41:in `call'
  <internal:prelude>:8:in `synchronize'
  /Users/fooleaf/.rvm/rubies/ruby-1.9.1-p378/lib/ruby/1.9.1/webrick/httpserver.rb:111:in `service'
  /Users/fooleaf/.rvm/rubies/ruby-1.9.1-p378/lib/ruby/1.9.1/webrick/httpserver.rb:70:in `run'
  /Users/fooleaf/.rvm/rubies/ruby-1.9.1-p378/lib/ruby/1.9.1/webrick/server.rb:183:in `block in start_thread'

Rendering /Users/fooleaf/dev/webtop/public/404.html (404 Not Found)


Processing TempsController#index (for 203.229.156.105 at 2010-10-05 18:43:38) [GET]
Rendering template within layouts/application
Rendering temps/temp

ActionView::TemplateError (Missing template /shared/_logo.erb in view path app/views) on line #4 of app/views/temps/temp.html.erb:
1: <div id="wrapper_bg">
2: 	<div id="top_section">
3: 		<!-- 로고 =================================================================================-->
4: 		<%= render :partial => "/shared/logo" %>	
5: 		<!-- 로고 =================================================================================-->
6: 
7: 		<!-- 로그인 및 서치바 =================================================================================-->

    haml (3.0.4) lib/haml/helpers/action_view_mods.rb:13:in `render_with_haml'
    app/views/temps/temp.html.erb:4
    haml (3.0.4) lib/haml/helpers/action_view_mods.rb:13:in `render_with_haml'
    haml (3.0.4) lib/haml/helpers/action_view_mods.rb:13:in `render_with_haml'
    app/controllers/temps_controller.rb:68:in `index'
    haml (3.0.4) lib/sass/plugin/rack.rb:41:in `call'
    haml (3.0.4) lib/sass/plugin/rack.rb:41:in `call'
    <internal:prelude>:8:in `synchronize'
    /Users/fooleaf/.rvm/rubies/ruby-1.9.1-p378/lib/ruby/1.9.1/webrick/httpserver.rb:111:in `service'
    /Users/fooleaf/.rvm/rubies/ruby-1.9.1-p378/lib/ruby/1.9.1/webrick/httpserver.rb:70:in `run'
    /Users/fooleaf/.rvm/rubies/ruby-1.9.1-p378/lib/ruby/1.9.1/webrick/server.rb:183:in `block in start_thread'

Rendering /Users/fooleaf/dev/webtop/public/500.html (500 Internal Server Error)


Processing ApplicationController#index (for 203.229.156.105 at 2010-10-05 18:43:40) [GET]

ActionController::RoutingError (No route matches "/sadff" with {:method=>:get}):
  haml (3.0.4) lib/sass/plugin/rack.rb:41:in `call'
  haml (3.0.4) lib/sass/plugin/rack.rb:41:in `call'
  <internal:prelude>:8:in `synchronize'
  /Users/fooleaf/.rvm/rubies/ruby-1.9.1-p378/lib/ruby/1.9.1/webrick/httpserver.rb:111:in `service'
  /Users/fooleaf/.rvm/rubies/ruby-1.9.1-p378/lib/ruby/1.9.1/webrick/httpserver.rb:70:in `run'
  /Users/fooleaf/.rvm/rubies/ruby-1.9.1-p378/lib/ruby/1.9.1/webrick/server.rb:183:in `block in start_thread'

Rendering /Users/fooleaf/dev/webtop/public/404.html (404 Not Found)


Processing PagesController#home (for 203.229.156.105 at 2010-10-05 19:20:56) [GET]
Rendering template within layouts/application
Rendering pages/home
Completed in 38ms (View: 38 | 200 OK [http://ssi.fooleaf.com/]


Processing PagesController#home (for 203.229.156.105 at 2010-10-05 19:20:56) [GET]
Rendering template within layouts/application
Rendering pages/home
Completed in 57ms (View: 57 | 200 OK [http://ssi.fooleaf.com/]


Processing PagesController#home (for 203.229.156.105 at 2010-10-05 19:21:03) [GET]
Rendering template within layouts/application
Rendering pages/home
Completed in 35ms (View: 35 | 200 OK [http://ssi.fooleaf.com/]


Processing PagesController#home (for 203.229.156.105 at 2010-10-05 19:21:03) [GET]
Rendering template within layouts/application
Rendering pages/home
Completed in 57ms (View: 57 | 200 OK [http://ssi.fooleaf.com/]
